start 183 / 3727 000581.SZ 2 3 2
start 234 / 3727 000636.SZ 1 2 1
start 329 / 3727 000762.SZ 2 3 3
start 333 / 3727 000767.SZ 1 2 2
start 350 / 3727 000792.SZ 2 3 3
start 359 / 3727 000802.SZ 1 2 2
start 363 / 3727 000807.SZ 2 3 3
start 365 / 3727 000810.SZ 1 2 1
start 370 / 3727 000816.SZ 1 2 2
start 374 / 3727 000820.SZ 1 2 1
start 379 / 3727 000826.SZ 2 3 3
start 382 / 3727 000829.SZ 2 3 3
start 384 / 3727 000831.SZ 1 2 2
start 391 / 3727 000839.SZ 2 3 3
start 397 / 3727 000858.SZ 4 5 5
start 407 / 3727 000876.SZ 2 3 3
start 423 / 3727 000897.SZ 1 2 2
start 424 / 3727 000898.SZ 2 3 3
start 438 / 3727 000915.SZ 2 3 2
start 452 / 3727 000930.SZ 2 3 3
start 454 / 3727 000932.SZ 1 2 2
start 455 / 3727 000933.SZ 1 2 2
start 457 / 3727 000936.SZ 1 2 1
start 459 / 3727 000938.SZ 2 3 3
start 473 / 3727 000961.SZ 2 3 3
start 474 / 3727 000962.SZ 1 2 1
start 475 / 3727 000963.SZ 2 3 3
start 477 / 3727 000966.SZ 1 2 2
start 480 / 3727 000969.SZ 2 3 3
start 481 / 3727 000970.SZ 2 3 3
start 484 / 3727 000973.SZ 2 3 3
start 489 / 3727 000979.SZ 2 3 3
start 491 / 3727 000981.SZ 1 2 2
start 496 / 3727 000988.SZ 2 3 3
start 503 / 3727 000998.SZ 2 3 3
start 506 / 3727 001872.SZ 1 2 2
start 509 / 3727 001979.SZ 2 3 3
start 511 / 3727 002002.SZ 1 2 2
start 513 / 3727 002004.SZ 2 3 3
start 516 / 3727 002007.SZ 2 3 3
start 534 / 3727 002025.SZ 2 3 2
start 536 / 3727 002027.SZ 1 2 2
start 550 / 3727 002041.SZ 2 3 3
start 553 / 3727 002044.SZ 1 2 2
start 561 / 3727 002052.SZ 1 2 2
start 564 / 3727 002055.SZ 2 3 3
start 572 / 3727 002063.SZ 2 3 3
start 580 / 3727 002071.SZ 1 2 2
start 582 / 3727 002073.SZ 2 3 3
start 587 / 3727 002078.SZ 2 3 3
start 588 / 3727 002079.SZ 2 3 3
start 602 / 3727 002093.SZ 2 3 3
start 619 / 3727 002110.SZ 1 2 2
start 637 / 3727 002128.SZ 2 3 2
start 638 / 3727 002129.SZ 2 3 3
start 652 / 3727 002143.SZ 1 2 1
start 655 / 3727 002146.SZ 2 3 3
start 657 / 3727 002148.SZ 2 3 3
start 663 / 3727 002154.SZ 2 3 3
start 683 / 3727 002174.SZ 1 2 1
start 690 / 3727 002181.SZ 4 5 4
start 694 / 3727 002185.SZ 2 3 3
start 719 / 3727 002210.SZ 1 2 1
start 728 / 3727 002219.SZ 1 2 2
start 730 / 3727 002221.SZ 2 3 3
start 732 / 3727 002223.SZ 2 3 3
start 744 / 3727 002235.SZ 1 2 2
start 745 / 3727 002236.SZ 2 3 3
start 751 / 3727 002242.SZ 2 3 3
start 775 / 3727 002267.SZ 2 3 2
start 776 / 3727 002268.SZ 2 3 3
start 784 / 3727 002276.SZ 2 3 3
start 785 / 3727 002277.SZ 2 3 3
start 788 / 3727 002280.SZ 1 2 1
start 793 / 3727 002285.SZ 2 3 3
start 795 / 3727 002287.SZ 2 3 2
start 810 / 3727 002302.SZ 1 2 2
start 814 / 3727 002306.SZ 2 3 2
start 815 / 3727 002307.SZ 2 3 3
start 818 / 3727 002310.SZ 2 3 3
start 821 / 3727 002313.SZ 2 3 3
start 826 / 3727 002318.SZ 2 3 3
start 834 / 3727 002326.SZ 1 2 1
start 848 / 3727 002340.SZ 2 3 3
start 852 / 3727 002344.SZ 2 3 3
start 860 / 3727 002352.SZ 1 2 2
start 877 / 3727 002369.SZ 2 3 3
start 879 / 3727 002371.SZ 2 3 3
start 892 / 3727 002384.SZ 1 2 1
start 901 / 3727 002393.SZ 2 3 2
start 908 / 3727 002400.SZ 2 3 3
start 922 / 3727 002414.SZ 2 3 3
start 924 / 3727 002416.SZ 2 3 3
start 930 / 3727 002422.SZ 1 2 2
start 932 / 3727 002424.SZ 2 3 3
start 939 / 3727 002431.SZ 2 3 3
start 945 / 3727 002437.SZ 2 3 3
start 947 / 3727 002439.SZ 2 3 3
start 952 / 3727 002444.SZ 2 3 3
start 998 / 3727 002490.SZ 1 2 2
start 1009 / 3727 002501.SZ 1 2 2
start 1014 / 3727 002506.SZ 1 2 2
start 1015 / 3727 002507.SZ 1 2 1
start 1016 / 3727 002508.SZ 2 3 3
start 1029 / 3727 002521.SZ 1 2 2
start 1062 / 3727 002555.SZ 1 2 2
start 1072 / 3727 002565.SZ 1 2 1
start 1078 / 3727 002571.SZ 1 2 2
start 1081 / 3727 002574.SZ 2 3 2
start 1103 / 3727 002596.SZ 1 2 1
start 1104 / 3727 002597.SZ 1 2 2
start 1124 / 3727 002617.SZ 1 2 1
start 1155 / 3727 002648.SZ 2 3 3
start 1179 / 3727 002672.SZ 1 2 2
start 1180 / 3727 002673.SZ 3 4 3
start 1188 / 3727 002681.SZ 2 3 3
start 1204 / 3727 002697.SZ 1 2 1
start 1208 / 3727 002701.SZ 2 3 3
start 1445 / 3727 300002.SZ 1 2 1
start 1470 / 3727 300027.SZ 3 4 3
start 1515 / 3727 300073.SZ 1 2 1
start 1519 / 3727 300077.SZ 2 3 2
start 1540 / 3727 300098.SZ 1 2 1
start 1598 / 3727 300156.SZ 1 2 1
start 1665 / 3727 300223.SZ 1 2 1
start 1678 / 3727 300236.SZ 1 2 1
start 1708 / 3727 300266.SZ 1 2 1
start 1742 / 3727 300300.SZ 1 2 1
start 1758 / 3727 300316.SZ 1 2 1
start 1789 / 3727 300347.SZ 1 2 1
start 1794 / 3727 300352.SZ 1 2 1
start 1795 / 3727 300353.SZ 1 2 1
start 1798 / 3727 300356.SZ 1 2 1
start 2034 / 3727 300598.SZ 1 2 1
start 2053 / 3727 300618.SZ 1 2 1
start 2179 / 3727 300750.SZ 1 2 1
start 2216 / 3727 600007.SH 2 3 2
start 2224 / 3727 600017.SH 2 3 2
start 2235 / 3727 600029.SH 3 4 3
start 2236 / 3727 600030.SH 6 7 6
start 2240 / 3727 600036.SH 4 5 4
start 2242 / 3727 600038.SH 2 3 2
start 2245 / 3727 600050.SH 5 6 5
start 2254 / 3727 600059.SH 2 3 2
start 2257 / 3727 600062.SH 2 3 2
start 2258 / 3727 600063.SH 2 3 2
start 2273 / 3727 600078.SH 2 3 2
start 2293 / 3727 600098.SH 2 3 2
start 2303 / 3727 600108.SH 2 3 2
start 2304 / 3727 600109.SH 3 4 3
start 2310 / 3727 600115.SH 3 4 3
start 2315 / 3727 600120.SH 2 3 2
start 2318 / 3727 600123.SH 2 3 2
start 2319 / 3727 600125.SH 2 3 2
start 2328 / 3727 600135.SH 2 3 2
start 2329 / 3727 600136.SH 1 2 1
start 2339 / 3727 600150.SH 2 3 2
start 2365 / 3727 600179.SH 1 2 1
start 2369 / 3727 600183.SH 2 3 2
start 2382 / 3727 600197.SH 2 3 2
start 2383 / 3727 600198.SH 2 3 2
start 2394 / 3727 600210.SH 2 3 2
start 2403 / 3727 600220.SH 2 3 2
start 2405 / 3727 600222.SH 2 3 2
start 2410 / 3727 600228.SH 1 2 1
start 2416 / 3727 600234.SH 1 2 1
start 2419 / 3727 600237.SH 2 3 2
start 2431 / 3727 600251.SH 2 3 2
start 2462 / 3727 600285.SH 2 3 2
start 2469 / 3727 600292.SH 2 3 2
start 2490 / 3727 600316.SH 2 3 2
start 2494 / 3727 600320.SH 2 3 2
start 2497 / 3727 600323.SH 2 3 2
start 2502 / 3727 600329.SH 2 3 2
start 2503 / 3727 600330.SH 2 3 2
start 2507 / 3727 600335.SH 2 3 2
start 2508 / 3727 600336.SH 2 3 2
start 2513 / 3727 600343.SH 1 2 1
start 2516 / 3727 600348.SH 2 3 2
start 2517 / 3727 600350.SH 1 2 1
start 2532 / 3727 600366.SH 2 3 2
start 2538 / 3727 600372.SH 2 3 2
start 2550 / 3727 600386.SH 2 3 2
start 2552 / 3727 600388.SH 2 3 2
start 2558 / 3727 600395.SH 2 3 2
start 2564 / 3727 600401.SH 1 2 1
start 2583 / 3727 600432.SH 1 2 1
start 2592 / 3727 600449.SH 2 3 2
start 2595 / 3727 600456.SH 2 3 2
start 2597 / 3727 600459.SH 2 3 2
start 2616 / 3727 600483.SH 2 3 2
start 2618 / 3727 600486.SH 2 3 2
start 2638 / 3727 600509.SH 2 3 2
start 2667 / 3727 600543.SH 2 3 2
start 2669 / 3727 600546.SH 1 2 1
start 2674 / 3727 600551.SH 2 3 2
start 2677 / 3727 600555.SH 1 2 1
start 2679 / 3727 600557.SH 2 3 2
start 2691 / 3727 600570.SH 3 4 3
start 2695 / 3727 600575.SH 2 3 2
start 2696 / 3727 600576.SH 1 2 1
start 2698 / 3727 600578.SH 2 3 2
start 2702 / 3727 600582.SH 2 3 2
start 2703 / 3727 600583.SH 2 3 2
start 2712 / 3727 600592.SH 2 3 2
start 2731 / 3727 600611.SH 2 3 2
start 2736 / 3727 600616.SH 2 3 2
start 2746 / 3727 600626.SH 2 3 2
start 2751 / 3727 600631.SH 2 3 2
start 2759 / 3727 600639.SH 2 3 2
start 2762 / 3727 600642.SH 2 3 2
start 2772 / 3727 600652.SH 2 3 2
start 2782 / 3727 600662.SH 2 3 2
start 2812 / 3727 600692.SH 2 3 2
start 2816 / 3727 600696.SH 2 3 2
start 2836 / 3727 600716.SH 2 3 2
start 2852 / 3727 600732.SH 1 2 1
start 2861 / 3727 600741.SH 2 3 2
start 2870 / 3727 600750.SH 2 3 2
start 2877 / 3727 600757.SH 2 3 2
start 2902 / 3727 600782.SH 1 2 1
start 2903 / 3727 600783.SH 2 3 2
start 2931 / 3727 600811.SH 2 3 2
start 2946 / 3727 600826.SH 2 3 2
start 2947 / 3727 600827.SH 2 3 2
start 2950 / 3727 600830.SH 2 3 2
start 2958 / 3727 600838.SH 2 3 2
start 2970 / 3727 600851.SH 2 3 2
start 2974 / 3727 600855.SH 2 3 2
start 2988 / 3727 600869.SH 1 2 1
start 2992 / 3727 600873.SH 2 3 2
start 2998 / 3727 600879.SH 2 3 2
start 3021 / 3727 600903.SH 1 2 1
start 3040 / 3727 600967.SH 2 3 2
start 3043 / 3727 600971.SH 2 3 2
start 3046 / 3727 600976.SH 2 3 2
start 3069 / 3727 601000.SH 2 3 2
start 3070 / 3727 601001.SH 2 3 2
start 3090 / 3727 601066.SH 1 2 1
start 3095 / 3727 601098.SH 2 3 2
start 3098 / 3727 601101.SH 2 3 2
start 3112 / 3727 601139.SH 2 3 2
start 3114 / 3727 601158.SH 2 3 2
start 3121 / 3727 601179.SH 2 3 2
start 3131 / 3727 601218.SH 2 3 2
start 3151 / 3727 601333.SH 2 3 2
start 3157 / 3727 601369.SH 2 3 2
start 3166 / 3727 601519.SH 2 3 2
start 3190 / 3727 601666.SH 2 3 2
start 3197 / 3727 601699.SH 2 3 2
start 3202 / 3727 601766.SH 4 5 4
start 3236 / 3727 601919.SH 3 4 3
start 3238 / 3727 601929.SH 2 3 2
start 3239 / 3727 601933.SH 3 4 3
start 3243 / 3727 601958.SH 2 3 2
start 3255 / 3727 601996.SH 2 3 2
start 3258 / 3727 601999.SH 2 3 2
start 3449 / 3727 603363.SH 1 2 1
start 3648 / 3727 603858.SH 1 2 1
