nohup: ignoring input
cjpl 559 815
cjpl 560 815
cjpl 561 816
cjpl 562 826
cjpl 563 820
cjpl 564 819
cjpl 565 820
cjpl 566 822
cjpl 567 825
cjpl 568 817
cjpl 569 815
cjpl 570 818
cjpl 571 824
cjpl 572 825
cjpl 573 822
cjpl 574 810
cjpl 575 806
cjpl 576 806
cjpl 577 807
cjpl 578 815
cjpl 579 810
cjpl 580 806
cjpl 581 808
cjpl 582 802
cjpl 583 808
cjpl 584 811
cjpl 585 805
cjpl 586 812
cjpl 587 809
cjpl 588 803
cjpl 589 801
cjpl 590 807
cjpl 591 812
cjpl 592 805
cjpl 593 805
cjpl 594 805
cjpl 595 813
cjpl 596 808
cjpl 597 727
cjpl 598 811
cjpl 599 810
cjpl 600 807
cjpl 601 804
cjpl 602 804
cjpl 603 811
cjpl 604 810
cjpl 605 808
cjpl 606 807
cjpl 607 808
cjpl 608 806
cjpl 609 806
cjpl 610 804
cjpl 611 801
cjpl 612 801
cjpl 613 801
cjpl 614 800
cjpl 615 801
cjpl 616 801
cjpl 617 801
cjpl 618 801
cjpl 619 801
cjpl 620 801
cjpl 621 801
cjpl 622 801
cjpl 623 801
cjpl 624 801
cjpl 625 801
cjpl 626 801
cjpl 627 801
cjpl 628 801
cjpl 629 801
cjpl 630 801
cjpl 631 801
cjpl 632 801
cjpl 633 801
cjpl 634 801
cjpl 635 801
cjpl 636 801
cjpl 637 801
cjpl 638 800
cjpl 639 801
cjpl 640 800
cjpl 641 801
cjpl 642 801
cjpl 643 801
cjpl 644 801
cjpl 645 801
cjpl 646 801
cjpl 647 801
cjpl 648 801
cjpl 649 801
cjpl 650 801
cjpl 651 721
cjpl 652 801
cjpl 653 801
cjpl 654 801
cjpl 655 801
cjpl 656 801
cjpl 657 800
cjpl 658 801
cjpl 659 801
cjpl 660 801
cjpl 661 801
cjpl 662 801
cjpl 663 801
cjpl 664 801
cjpl 665 801
cjpl 666 801
cjpl 667 801
cjpl 668 801
cjpl 669 802
cjpl 670 802
cjpl 671 801
cjpl 672 802
cjpl 673 802
cjpl 674 801
cjpl 675 801
cjpl 676 801
cjpl 677 801
cjpl 678 801
cjpl 679 801
cjpl 680 801
cjpl 681 801
cjpl 682 801
cjpl 683 801
cjpl 684 801
cjpl 685 801
cjpl 686 801
cjpl 687 801
cjpl 688 801
cjpl 689 801
cjpl 690 801
cjpl 691 801
cjpl 692 801
cjpl 693 801
cjpl 694 801
cjpl 695 801
cjpl 696 801
cjpl 697 801
cjpl 698 801
cjpl 699 801
cjpl 700 796
cjpl 701 801
cjpl 702 801
cjpl 703 801
cjpl 704 801
cjpl 705 802
cjpl 706 801
cjpl 707 801
cjpl 708 802
cjpl 709 801
cjpl 710 801
cjpl 711 801
cjpl 712 801
cjpl 713 802
cjpl 714 801
cjpl 715 802
cjpl 716 801
cjpl 717 801
cjpl 718 801
cjpl 719 801
cjpl 720 801
cjpl 721 801
cjpl 722 802
cjpl 723 801
cjpl 724 801
cjpl 725 801
cjpl 726 801
cjpl 727 801
cjpl 728 801
cjpl 729 801
cjpl 730 788
cjpl 731 801
cjpl 732 801
cjpl 733 793
cjpl 734 793
cjpl 735 801
cjpl 736 794
cjpl 737 801
cjpl 738 801
cjpl 739 801
cjpl 740 801
cjpl 741 801
cjpl 742 801
cjpl 743 801
cjpl 744 801
cjpl 745 800
cjpl 746 801
cjpl 747 801
cjpl 748 803
cjpl 749 802
cjpl 750 806
cjpl 751 801
cjpl 752 803
cjpl 753 801
cjpl 754 801
cjpl 755 801
cjpl 756 801
cjpl 757 801
cjpl 758 801
cjpl 759 801
cjpl 760 801
cjpl 761 801
cjpl 762 802
cjpl 763 801
cjpl 764 801
cjpl 765 801
cjpl 766 801
cjpl 767 801
cjpl 768 801
cjpl 769 801
cjpl 770 801
cjpl 771 801
cjpl 772 801
cjpl 773 801
cjpl 774 801
cjpl 775 803
cjpl 776 801
cjpl 777 800
cjpl 778 801
cjpl 779 801
cjpl 780 801
cjpl 781 801
cjpl 782 801
cjpl 783 801
cjpl 784 801
cjpl 785 801
cjpl 786 801
cjpl 787 801
cjpl 788 801
cjpl 789 801
cjpl 790 801
cjpl 791 801
cjpl 792 801
cjpl 793 801
cjpl 794 801
cjpl 795 801
cjpl 796 801
cjpl 797 801
cjpl 798 801
cjpl 799 800
cjpl 800 801
cjpl 801 803
cjpl 802 801
cjpl 803 801
cjpl 804 801
cjpl 805 801
cjpl 806 799
cjpl 807 801
cjpl 808 801
cjpl 809 801
cjpl 810 800
cjpl 811 801
cjpl 812 801
cjpl 813 801
cjpl 814 801
cjpl 815 791
cjpl 816 801
cjpl 817 801
cjpl 818 800
cjpl 819 801
cjpl 820 801
cjpl 821 802
cjpl 822 802
cjpl 823 801
cjpl 824 801
cjpl 825 801
cjpl 826 801
cjpl 827 801
cjpl 828 801
cjpl 829 801
cjpl 830 801
cjpl 831 801
cjpl 832 801
cjpl 833 641
cjpl 834 641
cjpl 835 481
cjpl 836 638
Unhandled error in Deferred:

Traceback (most recent call last):
  File "/home/wy/anaconda3/envs/py3/lib/python3.7/site-packages/scrapy/crawler.py", line 172, in crawl
    return self._crawl(crawler, *args, **kwargs)
  File "/home/wy/anaconda3/envs/py3/lib/python3.7/site-packages/scrapy/crawler.py", line 176, in _crawl
    d = crawler.crawl(*args, **kwargs)
  File "/home/wy/anaconda3/envs/py3/lib/python3.7/site-packages/twisted/internet/defer.py", line 1613, in unwindGenerator
    return _cancellableInlineCallbacks(gen)
  File "/home/wy/anaconda3/envs/py3/lib/python3.7/site-packages/twisted/internet/defer.py", line 1529, in _cancellableInlineCallbacks
    _inlineCallbacks(None, g, status)
--- <exception caught here> ---
  File "/home/wy/anaconda3/envs/py3/lib/python3.7/site-packages/twisted/internet/defer.py", line 1418, in _inlineCallbacks
    result = g.send(result)
  File "/home/wy/anaconda3/envs/py3/lib/python3.7/site-packages/scrapy/crawler.py", line 79, in crawl
    self.spider = self._create_spider(*args, **kwargs)
  File "/home/wy/anaconda3/envs/py3/lib/python3.7/site-packages/scrapy/crawler.py", line 102, in _create_spider
    return self.spidercls.from_crawler(self, *args, **kwargs)
  File "/home/wy/anaconda3/envs/py3/lib/python3.7/site-packages/scrapy/spiders/__init__.py", line 51, in from_crawler
    spider = cls(*args, **kwargs)
  File "/home/wy/citics/eastMoney/eastMoney/spiders/guba_default.py", line 23, in __init__
    numpage = math.ceil(int(pageresponse.split('|')[-3]) / int(pageresponse.split('|')[-2]))
builtins.AttributeError: 'NoneType' object has no attribute 'split'

cjpl_837 error, wating for 10 mins
cjpl 837 801
cjpl 838 801
cjpl 839 801
cjpl 840 801
cjpl 841 801
cjpl 842 801
cjpl 843 801
cjpl 844 801
cjpl 845 801
cjpl 846 801
cjpl 847 801
cjpl 848 800
cjpl 849 802
cjpl 850 801
cjpl 851 800
cjpl 852 807
cjpl 853 801
cjpl 854 801
cjpl 855 801
cjpl 856 801
cjpl 857 801
cjpl 858 802
cjpl 859 801
cjpl 860 801
cjpl 861 802
cjpl 862 803
cjpl 863 801
cjpl 864 801
cjpl 865 801
cjpl 866 802
cjpl 867 801
cjpl 868 800
cjpl 869 801
cjpl 870 801
cjpl 871 801
cjpl 872 801
cjpl 873 804
cjpl 874 801
cjpl 875 800
cjpl 876 801
cjpl 877 801
cjpl 878 801
cjpl 879 801
cjpl 880 801
cjpl 881 801
cjpl 882 801
cjpl 883 804
cjpl 884 801
cjpl 885 801
cjpl 886 802
cjpl 887 801
cjpl 888 802
cjpl 889 803
cjpl 890 802
cjpl 891 801
cjpl 892 801
cjpl 893 801
cjpl 894 811
cjpl 895 801
cjpl 896 817
cjpl 897 801
cjpl 898 801
cjpl 899 803
cjpl 900 801
cjpl 901 801
cjpl 902 803
cjpl 903 801
cjpl 904 801
cjpl 905 801
cjpl 906 801
cjpl 907 801
cjpl 908 801
cjpl 909 801
cjpl 910 801
cjpl 911 801
cjpl 912 801
cjpl 913 801
cjpl 914 801
cjpl 915 801
cjpl 916 801
cjpl 917 801
cjpl 918 801
cjpl 919 801
cjpl 920 801
cjpl 921 801
cjpl 922 805
cjpl 923 801
cjpl 924 801
cjpl 925 801
cjpl 926 801
cjpl 927 801
cjpl 928 801
cjpl 929 801
cjpl 930 805
cjpl 931 801
cjpl 932 801
cjpl 933 803
cjpl 934 801
cjpl 935 801
cjpl 936 801
cjpl 937 801
cjpl 938 801
cjpl 939 801
cjpl 940 801
cjpl 941 801
cjpl 942 801
cjpl 943 803
cjpl 944 801
cjpl 945 803
cjpl 946 801
cjpl 947 801
cjpl 948 801
cjpl 949 803
cjpl 950 801
cjpl 951 801
cjpl 952 802
cjpl 953 801
cjpl 954 801
cjpl 955 801
cjpl 956 801
cjpl 957 801
cjpl 958 803
cjpl 959 806
cjpl 960 801
cjpl 961 802
cjpl 962 805
cjpl 963 803
cjpl 964 805
cjpl 965 801
cjpl 966 802
cjpl 967 801
cjpl 968 801
cjpl 969 802
cjpl 970 801
cjpl 971 803
cjpl 972 801
cjpl 973 803
cjpl 974 803
cjpl 975 801
cjpl 976 801
cjpl 977 801
cjpl 978 801
cjpl 979 803
cjpl 980 802
cjpl 981 801
cjpl 982 800
cjpl 983 801
cjpl 984 801
cjpl 985 801
cjpl 986 803
cjpl 987 803
cjpl 988 802
cjpl 989 801
cjpl 990 801
cjpl 991 804
cjpl 992 801
cjpl 993 801
cjpl 994 801
cjpl 995 801
cjpl 996 801
cjpl 997 801
cjpl 998 801
cjpl 999 801
cjpl 1000 801
cjpl 1001 801
cjpl 1002 803
cjpl 1003 802
cjpl 1004 801
cjpl 1005 801
cjpl 1006 801
cjpl 1007 801
cjpl 1008 801
cjpl 1009 801
cjpl 1010 800
cjpl 1011 800
cjpl 1012 800
cjpl 1013 801
cjpl 1014 798
cjpl 1015 801
cjpl 1016 803
cjpl 1017 803
cjpl 1018 801
cjpl 1019 801
cjpl 1020 801
cjpl 1021 798
cjpl 1022 801
cjpl 1023 802
cjpl 1024 802
cjpl 1025 798
cjpl 1026 801
cjpl 1027 801
cjpl 1028 802
cjpl 1029 801
cjpl 1030 801
cjpl 1031 801
cjpl 1032 801
cjpl 1033 803
cjpl 1034 801
cjpl 1035 801
cjpl 1036 801
cjpl 1037 801
cjpl 1038 801
cjpl 1039 801
cjpl 1040 801
cjpl 1041 800
cjpl 1042 801
cjpl 1043 801
cjpl 1044 801
cjpl 1045 800
cjpl 1046 801
cjpl 1047 800
cjpl 1048 799
cjpl 1049 801
cjpl 1050 801
cjpl 1051 801
cjpl 1052 801
cjpl 1053 801
cjpl 1054 800
cjpl 1055 801
cjpl 1056 801
cjpl 1057 801
cjpl 1058 801
cjpl 1059 801
cjpl 1060 800
cjpl 1061 801
cjpl 1062 801
cjpl 1063 801
cjpl 1064 801
cjpl 1065 801
cjpl 1066 801
cjpl 1067 801
cjpl 1068 801
cjpl 1069 801
cjpl 1070 800
cjpl 1071 801
cjpl 1072 801
cjpl 1073 801
cjpl 1074 801
cjpl 1075 801
cjpl 1076 801
cjpl 1077 801
cjpl 1078 801
cjpl 1079 801
cjpl 1080 801
cjpl 1081 801
cjpl 1082 804
cjpl 1083 801
cjpl 1084 801
cjpl 1085 801
cjpl 1086 801
cjpl 1087 801
cjpl 1088 801
cjpl 1089 802
cjpl 1090 801
cjpl 1091 801
cjpl 1092 801
cjpl 1093 801
cjpl 1094 801
cjpl 1095 801
cjpl 1096 801
cjpl 1097 801
cjpl 1098 801
cjpl 1099 801
cjpl 1100 800
cjpl 1101 801
cjpl 1102 801
cjpl 1103 801
cjpl 1104 801
cjpl 1105 800
cjpl 1106 802
cjpl 1107 801
cjpl 1108 802
cjpl 1109 801
cjpl 1110 801
cjpl 1111 801
cjpl 1112 801
cjpl 1113 806
cjpl 1114 801
cjpl 1115 802
cjpl 1116 801
cjpl 1117 801
cjpl 1118 801
cjpl 1119 801
cjpl 1120 481
cjpl 1121 481
cjpl 1122 561
cjpl 1123 401
Unhandled error in Deferred:

Traceback (most recent call last):
  File "/home/wy/anaconda3/envs/py3/lib/python3.7/site-packages/scrapy/crawler.py", line 172, in crawl
    return self._crawl(crawler, *args, **kwargs)
  File "/home/wy/anaconda3/envs/py3/lib/python3.7/site-packages/scrapy/crawler.py", line 176, in _crawl
    d = crawler.crawl(*args, **kwargs)
  File "/home/wy/anaconda3/envs/py3/lib/python3.7/site-packages/twisted/internet/defer.py", line 1613, in unwindGenerator
    return _cancellableInlineCallbacks(gen)
  File "/home/wy/anaconda3/envs/py3/lib/python3.7/site-packages/twisted/internet/defer.py", line 1529, in _cancellableInlineCallbacks
    _inlineCallbacks(None, g, status)
--- <exception caught here> ---
  File "/home/wy/anaconda3/envs/py3/lib/python3.7/site-packages/twisted/internet/defer.py", line 1418, in _inlineCallbacks
    result = g.send(result)
  File "/home/wy/anaconda3/envs/py3/lib/python3.7/site-packages/scrapy/crawler.py", line 79, in crawl
    self.spider = self._create_spider(*args, **kwargs)
  File "/home/wy/anaconda3/envs/py3/lib/python3.7/site-packages/scrapy/crawler.py", line 102, in _create_spider
    return self.spidercls.from_crawler(self, *args, **kwargs)
  File "/home/wy/anaconda3/envs/py3/lib/python3.7/site-packages/scrapy/spiders/__init__.py", line 51, in from_crawler
    spider = cls(*args, **kwargs)
  File "/home/wy/citics/eastMoney/eastMoney/spiders/guba_default.py", line 23, in __init__
    numpage = math.ceil(int(pageresponse.split('|')[-3]) / int(pageresponse.split('|')[-2]))
builtins.AttributeError: 'NoneType' object has no attribute 'split'

cjpl_1124 error, wating for 10 mins
cjpl 1124 800
cjpl 1125 801
cjpl 1126 801
cjpl 1127 801
cjpl 1128 801
cjpl 1129 801
cjpl 1130 802
cjpl 1131 801
cjpl 1132 801
cjpl 1133 801
cjpl 1134 641
Unhandled error in Deferred:

Traceback (most recent call last):
  File "/home/wy/anaconda3/envs/py3/lib/python3.7/site-packages/scrapy/crawler.py", line 172, in crawl
    return self._crawl(crawler, *args, **kwargs)
  File "/home/wy/anaconda3/envs/py3/lib/python3.7/site-packages/scrapy/crawler.py", line 176, in _crawl
    d = crawler.crawl(*args, **kwargs)
  File "/home/wy/anaconda3/envs/py3/lib/python3.7/site-packages/twisted/internet/defer.py", line 1613, in unwindGenerator
    return _cancellableInlineCallbacks(gen)
  File "/home/wy/anaconda3/envs/py3/lib/python3.7/site-packages/twisted/internet/defer.py", line 1529, in _cancellableInlineCallbacks
    _inlineCallbacks(None, g, status)
--- <exception caught here> ---
  File "/home/wy/anaconda3/envs/py3/lib/python3.7/site-packages/twisted/internet/defer.py", line 1418, in _inlineCallbacks
    result = g.send(result)
  File "/home/wy/anaconda3/envs/py3/lib/python3.7/site-packages/scrapy/crawler.py", line 79, in crawl
    self.spider = self._create_spider(*args, **kwargs)
  File "/home/wy/anaconda3/envs/py3/lib/python3.7/site-packages/scrapy/crawler.py", line 102, in _create_spider
    return self.spidercls.from_crawler(self, *args, **kwargs)
  File "/home/wy/anaconda3/envs/py3/lib/python3.7/site-packages/scrapy/spiders/__init__.py", line 51, in from_crawler
    spider = cls(*args, **kwargs)
  File "/home/wy/citics/eastMoney/eastMoney/spiders/guba_default.py", line 23, in __init__
    numpage = math.ceil(int(pageresponse.split('|')[-3]) / int(pageresponse.split('|')[-2]))
builtins.AttributeError: 'NoneType' object has no attribute 'split'

cjpl_1135 error, wating for 10 mins
cjpl 1135 801
cjpl 1136 801
cjpl 1137 801
cjpl 1138 801
cjpl 1139 801
cjpl 1140 801
cjpl 1141 801
cjpl 1142 801
cjpl 1143 801
cjpl 1144 803
cjpl 1145 806
cjpl 1146 801
cjpl 1147 801
cjpl 1148 801
cjpl 1149 801
Unhandled error in Deferred:

Traceback (most recent call last):
  File "/home/wy/anaconda3/envs/py3/lib/python3.7/site-packages/scrapy/crawler.py", line 172, in crawl
    return self._crawl(crawler, *args, **kwargs)
  File "/home/wy/anaconda3/envs/py3/lib/python3.7/site-packages/scrapy/crawler.py", line 176, in _crawl
    d = crawler.crawl(*args, **kwargs)
  File "/home/wy/anaconda3/envs/py3/lib/python3.7/site-packages/twisted/internet/defer.py", line 1613, in unwindGenerator
    return _cancellableInlineCallbacks(gen)
  File "/home/wy/anaconda3/envs/py3/lib/python3.7/site-packages/twisted/internet/defer.py", line 1529, in _cancellableInlineCallbacks
    _inlineCallbacks(None, g, status)
--- <exception caught here> ---
  File "/home/wy/anaconda3/envs/py3/lib/python3.7/site-packages/twisted/internet/defer.py", line 1418, in _inlineCallbacks
    result = g.send(result)
  File "/home/wy/anaconda3/envs/py3/lib/python3.7/site-packages/scrapy/crawler.py", line 79, in crawl
    self.spider = self._create_spider(*args, **kwargs)
  File "/home/wy/anaconda3/envs/py3/lib/python3.7/site-packages/scrapy/crawler.py", line 102, in _create_spider
    return self.spidercls.from_crawler(self, *args, **kwargs)
  File "/home/wy/anaconda3/envs/py3/lib/python3.7/site-packages/scrapy/spiders/__init__.py", line 51, in from_crawler
    spider = cls(*args, **kwargs)
  File "/home/wy/citics/eastMoney/eastMoney/spiders/guba_default.py", line 23, in __init__
    numpage = math.ceil(int(pageresponse.split('|')[-3]) / int(pageresponse.split('|')[-2]))
builtins.AttributeError: 'NoneType' object has no attribute 'split'

cjpl_1150 error, wating for 10 mins
cjpl 1150 720
cjpl 1151 799
cjpl 1152 800
cjpl 1153 801
cjpl 1154 801
cjpl 1155 800
cjpl 1156 801
cjpl 1157 801
cjpl 1158 804
cjpl 1159 801
cjpl 1160 481
cjpl 1161 641
cjpl 1162 801
cjpl 1163 561
cjpl 1164 802
cjpl 1165 641
cjpl 1166 721
cjpl 1167 801
cjpl 1168 721
cjpl 1169 561
cjpl 1170 721
Unhandled error in Deferred:

Traceback (most recent call last):
  File "/home/wy/anaconda3/envs/py3/lib/python3.7/site-packages/scrapy/crawler.py", line 172, in crawl
    return self._crawl(crawler, *args, **kwargs)
  File "/home/wy/anaconda3/envs/py3/lib/python3.7/site-packages/scrapy/crawler.py", line 176, in _crawl
    d = crawler.crawl(*args, **kwargs)
  File "/home/wy/anaconda3/envs/py3/lib/python3.7/site-packages/twisted/internet/defer.py", line 1613, in unwindGenerator
    return _cancellableInlineCallbacks(gen)
  File "/home/wy/anaconda3/envs/py3/lib/python3.7/site-packages/twisted/internet/defer.py", line 1529, in _cancellableInlineCallbacks
    _inlineCallbacks(None, g, status)
--- <exception caught here> ---
  File "/home/wy/anaconda3/envs/py3/lib/python3.7/site-packages/twisted/internet/defer.py", line 1418, in _inlineCallbacks
    result = g.send(result)
  File "/home/wy/anaconda3/envs/py3/lib/python3.7/site-packages/scrapy/crawler.py", line 79, in crawl
    self.spider = self._create_spider(*args, **kwargs)
  File "/home/wy/anaconda3/envs/py3/lib/python3.7/site-packages/scrapy/crawler.py", line 102, in _create_spider
    return self.spidercls.from_crawler(self, *args, **kwargs)
  File "/home/wy/anaconda3/envs/py3/lib/python3.7/site-packages/scrapy/spiders/__init__.py", line 51, in from_crawler
    spider = cls(*args, **kwargs)
  File "/home/wy/citics/eastMoney/eastMoney/spiders/guba_default.py", line 23, in __init__
    numpage = math.ceil(int(pageresponse.split('|')[-3]) / int(pageresponse.split('|')[-2]))
builtins.AttributeError: 'NoneType' object has no attribute 'split'

cjpl_1171 error, wating for 10 mins
cjpl 1171 801
cjpl 1172 801
cjpl 1173 801
cjpl 1174 801
cjpl 1175 801
cjpl 1176 801
cjpl 1177 801
cjpl 1178 799
cjpl 1179 801
cjpl 1180 801
cjpl 1181 801
cjpl 1182 803
cjpl 1183 801
cjpl 1184 803
cjpl 1185 801
cjpl 1186 801
cjpl 1187 801
cjpl 1188 801
cjpl 1189 801
cjpl 1190 801
cjpl 1191 801
cjpl 1192 801
cjpl 1193 801
cjpl 1194 801
cjpl 1195 801
cjpl 1196 801
cjpl 1197 801
cjpl 1198 801
cjpl 1199 801
cjpl 1200 801
cjpl 1201 806
cjpl 1202 801
cjpl 1203 801
cjpl 1204 801
cjpl 1205 801
cjpl 1206 801
cjpl 1207 801
cjpl 1208 801
cjpl 1209 801
cjpl 1210 801
cjpl 1211 796
cjpl 1212 801
cjpl 1213 801
cjpl 1214 796
cjpl 1215 801
cjpl 1216 802
cjpl 1217 801
cjpl 1218 802
cjpl 1219 801
cjpl 1220 801
cjpl 1221 801
cjpl 1222 799
cjpl 1223 795
cjpl 1224 801
cjpl 1225 801
cjpl 1226 801
cjpl 1227 801
cjpl 1228 803
cjpl 1229 801
cjpl 1230 801
cjpl 1231 801
cjpl 1232 801
cjpl 1233 801
cjpl 1234 801
cjpl 1235 801
cjpl 1236 801
cjpl 1237 802
cjpl 1238 801
cjpl 1239 802
cjpl 1240 801
cjpl 1241 801
cjpl 1242 801
cjpl 1243 801
cjpl 1244 801
cjpl 1245 801
cjpl 1246 801
cjpl 1247 801
cjpl 1248 801
cjpl 1249 801
cjpl 1250 801
cjpl 1251 802
cjpl 1252 800
cjpl 1253 801
cjpl 1254 801
cjpl 1255 801
cjpl 1256 800
cjpl 1257 802
cjpl 1258 801
cjpl 1259 801
cjpl 1260 805
cjpl 1261 801
cjpl 1262 801
cjpl 1263 802
cjpl 1264 767
cjpl 1265 801
cjpl 1266 801
cjpl 1267 801
cjpl 1268 802
cjpl 1269 801
cjpl 1270 801
cjpl 1271 802
cjpl 1272 802
cjpl 1273 803
cjpl 1274 801
cjpl 1275 801
cjpl 1276 801
cjpl 1277 801
cjpl 1278 801
cjpl 1279 803
cjpl 1280 802
cjpl 1281 801
cjpl 1282 801
cjpl 1283 801
cjpl 1284 801
cjpl 1285 801
cjpl 1286 802
cjpl 1287 802
cjpl 1288 721
cjpl 1289 721
Unhandled error in Deferred:

Traceback (most recent call last):
  File "/home/wy/anaconda3/envs/py3/lib/python3.7/site-packages/scrapy/crawler.py", line 172, in crawl
    return self._crawl(crawler, *args, **kwargs)
  File "/home/wy/anaconda3/envs/py3/lib/python3.7/site-packages/scrapy/crawler.py", line 176, in _crawl
    d = crawler.crawl(*args, **kwargs)
  File "/home/wy/anaconda3/envs/py3/lib/python3.7/site-packages/twisted/internet/defer.py", line 1613, in unwindGenerator
    return _cancellableInlineCallbacks(gen)
  File "/home/wy/anaconda3/envs/py3/lib/python3.7/site-packages/twisted/internet/defer.py", line 1529, in _cancellableInlineCallbacks
    _inlineCallbacks(None, g, status)
--- <exception caught here> ---
  File "/home/wy/anaconda3/envs/py3/lib/python3.7/site-packages/twisted/internet/defer.py", line 1418, in _inlineCallbacks
    result = g.send(result)
  File "/home/wy/anaconda3/envs/py3/lib/python3.7/site-packages/scrapy/crawler.py", line 79, in crawl
    self.spider = self._create_spider(*args, **kwargs)
  File "/home/wy/anaconda3/envs/py3/lib/python3.7/site-packages/scrapy/crawler.py", line 102, in _create_spider
    return self.spidercls.from_crawler(self, *args, **kwargs)
  File "/home/wy/anaconda3/envs/py3/lib/python3.7/site-packages/scrapy/spiders/__init__.py", line 51, in from_crawler
    spider = cls(*args, **kwargs)
  File "/home/wy/citics/eastMoney/eastMoney/spiders/guba_default.py", line 23, in __init__
    numpage = math.ceil(int(pageresponse.split('|')[-3]) / int(pageresponse.split('|')[-2]))
builtins.AttributeError: 'NoneType' object has no attribute 'split'

cjpl_1290 error, wating for 10 mins
cjpl 1290 801
cjpl 1291 801
cjpl 1292 807
cjpl 1293 803
cjpl 1294 806
cjpl 1295 802
cjpl 1296 801
cjpl 1297 803
cjpl 1298 801
cjpl 1299 803
cjpl 1300 803
cjpl 1301 801
cjpl 1302 801
cjpl 1303 805
cjpl 1304 801
cjpl 1305 809
cjpl 1306 801
cjpl 1307 801
cjpl 1308 802
cjpl 1309 805
cjpl 1310 803
cjpl 1311 801
cjpl 1312 801
cjpl 1313 801
cjpl 1314 804
cjpl 1315 801
cjpl 1316 801
cjpl 1317 800
cjpl 1318 809
cjpl 1319 801
cjpl 1320 801
cjpl 1321 801
cjpl 1322 801
cjpl 1323 801
cjpl 1324 803
cjpl 1325 801
cjpl 1326 801
cjpl 1327 800
cjpl 1328 802
cjpl 1329 801
cjpl 1330 801
cjpl 1331 803
cjpl 1332 801
cjpl 1333 801
cjpl 1334 801
cjpl 1335 814
cjpl 1336 802
cjpl 1337 802
cjpl 1338 801
cjpl 1339 801
cjpl 1340 802
cjpl 1341 801
cjpl 1342 802
cjpl 1343 807
cjpl 1344 803
cjpl 1345 805
cjpl 1346 804
cjpl 1347 801
cjpl 1348 801
cjpl 1349 795
cjpl 1350 803
cjpl 1351 801
cjpl 1352 801
cjpl 1353 802
cjpl 1354 802
cjpl 1355 801
cjpl 1356 801
cjpl 1357 802
cjpl 1358 801
cjpl 1359 802
cjpl 1360 802
cjpl 1361 801
cjpl 1362 801
cjpl 1363 803
cjpl 1364 803
cjpl 1365 801
cjpl 1366 802
cjpl 1367 802
cjpl 1368 800
cjpl 1369 801
cjpl 1370 801
cjpl 1371 801
cjpl 1372 801
cjpl 1373 803
cjpl 1374 800
cjpl 1375 803
cjpl 1376 801
cjpl 1377 801
cjpl 1378 802
cjpl 1379 801
cjpl 1380 801
cjpl 1381 801
cjpl 1382 801
cjpl 1383 722
cjpl 1384 629
Unhandled error in Deferred:

Traceback (most recent call last):
  File "/home/wy/anaconda3/envs/py3/lib/python3.7/site-packages/scrapy/crawler.py", line 172, in crawl
    return self._crawl(crawler, *args, **kwargs)
  File "/home/wy/anaconda3/envs/py3/lib/python3.7/site-packages/scrapy/crawler.py", line 176, in _crawl
    d = crawler.crawl(*args, **kwargs)
  File "/home/wy/anaconda3/envs/py3/lib/python3.7/site-packages/twisted/internet/defer.py", line 1613, in unwindGenerator
    return _cancellableInlineCallbacks(gen)
  File "/home/wy/anaconda3/envs/py3/lib/python3.7/site-packages/twisted/internet/defer.py", line 1529, in _cancellableInlineCallbacks
    _inlineCallbacks(None, g, status)
--- <exception caught here> ---
  File "/home/wy/anaconda3/envs/py3/lib/python3.7/site-packages/twisted/internet/defer.py", line 1418, in _inlineCallbacks
    result = g.send(result)
  File "/home/wy/anaconda3/envs/py3/lib/python3.7/site-packages/scrapy/crawler.py", line 79, in crawl
    self.spider = self._create_spider(*args, **kwargs)
  File "/home/wy/anaconda3/envs/py3/lib/python3.7/site-packages/scrapy/crawler.py", line 102, in _create_spider
    return self.spidercls.from_crawler(self, *args, **kwargs)
  File "/home/wy/anaconda3/envs/py3/lib/python3.7/site-packages/scrapy/spiders/__init__.py", line 51, in from_crawler
    spider = cls(*args, **kwargs)
  File "/home/wy/citics/eastMoney/eastMoney/spiders/guba_default.py", line 23, in __init__
    numpage = math.ceil(int(pageresponse.split('|')[-3]) / int(pageresponse.split('|')[-2]))
builtins.AttributeError: 'NoneType' object has no attribute 'split'

cjpl_1385 error, wating for 10 mins
cjpl 1385 801
cjpl 1386 802
cjpl 1387 802
cjpl 1388 795
cjpl 1389 807
cjpl 1390 801
cjpl 1391 801
cjpl 1392 801
cjpl 1393 801
cjpl 1394 802
cjpl 1395 800
cjpl 1396 799
cjpl 1397 801
cjpl 1398 801
cjpl 1399 803
cjpl 1400 806
cjpl 1401 801
cjpl 1402 799
cjpl 1403 801
cjpl 1404 805
cjpl 1405 800
cjpl 1406 801
cjpl 1407 805
cjpl 1408 802
cjpl 1409 803
cjpl 1410 802
cjpl 1411 802
cjpl 1412 801
cjpl 1413 812
cjpl 1414 801
cjpl 1415 801
cjpl 1416 800
cjpl 1417 804
cjpl 1418 801
cjpl 1419 804
cjpl 1420 808
cjpl 1421 803
cjpl 1422 800
cjpl 1423 803
cjpl 1424 804
cjpl 1425 808
cjpl 1426 802
cjpl 1427 805
cjpl 1428 806
cjpl 1429 801
cjpl 1430 805
cjpl 1431 807
cjpl 1432 817
cjpl 1433 804
cjpl 1434 805
cjpl 1435 800
cjpl 1436 801
cjpl 1437 801
cjpl 1438 809
cjpl 1439 802
cjpl 1440 805
cjpl 1441 801
cjpl 1442 801
cjpl 1443 802
cjpl 1444 801
cjpl 1445 801
cjpl 1446 814
cjpl 1447 802
cjpl 1448 804
cjpl 1449 804
cjpl 1450 801
cjpl 1451 802
cjpl 1452 801
cjpl 1453 801
cjpl 1454 801
cjpl 1455 801
cjpl 1456 809
cjpl 1457 801
cjpl 1458 800
cjpl 1459 800
cjpl 1460 801
cjpl 1461 801
cjpl 1462 801
cjpl 1463 801
cjpl 1464 801
cjpl 1465 801
cjpl 1466 791
cjpl 1467 800
cjpl 1468 801
cjpl 1469 800
cjpl 1470 801
cjpl 1471 801
cjpl 1472 803
cjpl 1473 801
cjpl 1474 801
cjpl 1475 801
cjpl 1476 801
cjpl 1477 801
cjpl 1478 801
cjpl 1479 801
cjpl 1480 801
cjpl 1481 801
cjpl 1482 801
cjpl 1483 801
cjpl 1484 801
cjpl 1485 801
cjpl 1486 801
cjpl 1487 801
cjpl 1488 800
cjpl 1489 802
cjpl 1490 801
cjpl 1491 801
cjpl 1492 801
cjpl 1493 801
cjpl 1494 801
cjpl 1495 801
cjpl 1496 801
cjpl 1497 801
cjpl 1498 800
cjpl 1499 801
cjpl 1500 801
cjpl 1501 721
cjpl 1502 720
cjpl 1503 561
cjpl 1504 400
cjpl 1505 801
cjpl 1506 561
cjpl 1507 721
Unhandled error in Deferred:

Traceback (most recent call last):
  File "/home/wy/anaconda3/envs/py3/lib/python3.7/site-packages/scrapy/crawler.py", line 172, in crawl
    return self._crawl(crawler, *args, **kwargs)
  File "/home/wy/anaconda3/envs/py3/lib/python3.7/site-packages/scrapy/crawler.py", line 176, in _crawl
    d = crawler.crawl(*args, **kwargs)
  File "/home/wy/anaconda3/envs/py3/lib/python3.7/site-packages/twisted/internet/defer.py", line 1613, in unwindGenerator
    return _cancellableInlineCallbacks(gen)
  File "/home/wy/anaconda3/envs/py3/lib/python3.7/site-packages/twisted/internet/defer.py", line 1529, in _cancellableInlineCallbacks
    _inlineCallbacks(None, g, status)
--- <exception caught here> ---
  File "/home/wy/anaconda3/envs/py3/lib/python3.7/site-packages/twisted/internet/defer.py", line 1418, in _inlineCallbacks
    result = g.send(result)
  File "/home/wy/anaconda3/envs/py3/lib/python3.7/site-packages/scrapy/crawler.py", line 79, in crawl
    self.spider = self._create_spider(*args, **kwargs)
  File "/home/wy/anaconda3/envs/py3/lib/python3.7/site-packages/scrapy/crawler.py", line 102, in _create_spider
    return self.spidercls.from_crawler(self, *args, **kwargs)
  File "/home/wy/anaconda3/envs/py3/lib/python3.7/site-packages/scrapy/spiders/__init__.py", line 51, in from_crawler
    spider = cls(*args, **kwargs)
  File "/home/wy/citics/eastMoney/eastMoney/spiders/guba_default.py", line 23, in __init__
    numpage = math.ceil(int(pageresponse.split('|')[-3]) / int(pageresponse.split('|')[-2]))
builtins.AttributeError: 'NoneType' object has no attribute 'split'

cjpl_1508 error, wating for 10 mins
cjpl 1508 801
cjpl 1509 801
cjpl 1510 801
cjpl 1511 801
cjpl 1512 801
cjpl 1513 800
cjpl 1514 801
cjpl 1515 801
cjpl 1516 800
cjpl 1517 801
cjpl 1518 801
cjpl 1519 800
cjpl 1520 801
cjpl 1521 801
cjpl 1522 801
cjpl 1523 801
cjpl 1524 801
cjpl 1525 801
cjpl 1526 801
cjpl 1527 802
cjpl 1528 801
cjpl 1529 800
cjpl 1530 801
Unhandled error in Deferred:

Traceback (most recent call last):
  File "/home/wy/anaconda3/envs/py3/lib/python3.7/site-packages/scrapy/crawler.py", line 172, in crawl
    return self._crawl(crawler, *args, **kwargs)
  File "/home/wy/anaconda3/envs/py3/lib/python3.7/site-packages/scrapy/crawler.py", line 176, in _crawl
    d = crawler.crawl(*args, **kwargs)
  File "/home/wy/anaconda3/envs/py3/lib/python3.7/site-packages/twisted/internet/defer.py", line 1613, in unwindGenerator
    return _cancellableInlineCallbacks(gen)
  File "/home/wy/anaconda3/envs/py3/lib/python3.7/site-packages/twisted/internet/defer.py", line 1529, in _cancellableInlineCallbacks
    _inlineCallbacks(None, g, status)
--- <exception caught here> ---
  File "/home/wy/anaconda3/envs/py3/lib/python3.7/site-packages/twisted/internet/defer.py", line 1418, in _inlineCallbacks
    result = g.send(result)
  File "/home/wy/anaconda3/envs/py3/lib/python3.7/site-packages/scrapy/crawler.py", line 79, in crawl
    self.spider = self._create_spider(*args, **kwargs)
  File "/home/wy/anaconda3/envs/py3/lib/python3.7/site-packages/scrapy/crawler.py", line 102, in _create_spider
    return self.spidercls.from_crawler(self, *args, **kwargs)
  File "/home/wy/anaconda3/envs/py3/lib/python3.7/site-packages/scrapy/spiders/__init__.py", line 51, in from_crawler
    spider = cls(*args, **kwargs)
  File "/home/wy/citics/eastMoney/eastMoney/spiders/guba_default.py", line 23, in __init__
    numpage = math.ceil(int(pageresponse.split('|')[-3]) / int(pageresponse.split('|')[-2]))
builtins.AttributeError: 'NoneType' object has no attribute 'split'

cjpl_1531 error, wating for 10 mins
cjpl 1531 801
cjpl 1532 801
cjpl 1533 801
cjpl 1534 801
cjpl 1535 801
cjpl 1536 801
cjpl 1537 798
cjpl 1538 801
cjpl 1539 801
cjpl 1540 799
cjpl 1541 800
cjpl 1542 801
cjpl 1543 800
cjpl 1544 800
cjpl 1545 801
cjpl 1546 801
cjpl 1547 801
cjpl 1548 801
cjpl 1549 801
cjpl 1550 800
cjpl 1551 801
cjpl 1552 802
cjpl 1553 801
cjpl 1554 800
cjpl 1555 801
cjpl 1556 801
cjpl 1557 801
cjpl 1558 801
cjpl 1559 801
cjpl 1560 801
cjpl 1561 800
cjpl 1562 801
cjpl 1563 801
cjpl 1564 801
cjpl 1565 801
cjpl 1566 801
cjpl 1567 801
cjpl 1568 721
cjpl 1569 801
cjpl 1570 801
cjpl 1571 801
cjpl 1572 801
cjpl 1573 801
cjpl 1574 801
cjpl 1575 801
cjpl 1576 801
cjpl 1577 801
cjpl 1578 801
cjpl 1579 801
cjpl 1580 801
cjpl 1581 801
cjpl 1582 800
cjpl 1583 800
cjpl 1584 801
cjpl 1585 801
cjpl 1586 800
cjpl 1587 800
cjpl 1588 801
cjpl 1589 801
cjpl 1590 801
cjpl 1591 800
cjpl 1592 801
cjpl 1593 801
cjpl 1594 801
cjpl 1595 801
cjpl 1596 801
cjpl 1597 801
cjpl 1598 801
cjpl 1599 801
cjpl 1600 800
cjpl 1601 801
cjpl 1602 801
cjpl 1603 800
cjpl 1604 801
cjpl 1605 801
cjpl 1606 802
cjpl 1607 801
cjpl 1608 800
cjpl 1609 801
cjpl 1610 801
cjpl 1611 801
cjpl 1612 802
cjpl 1613 801
cjpl 1614 801
cjpl 1615 801
cjpl 1616 801
cjpl 1617 801
cjpl 1618 801
cjpl 1619 801
cjpl 1620 800
cjpl 1621 801
cjpl 1622 800
cjpl 1623 801
cjpl 1624 800
cjpl 1625 801
cjpl 1626 800
cjpl 1627 801
cjpl 1628 800
cjpl 1629 801
cjpl 1630 801
cjpl 1631 801
cjpl 1632 801
cjpl 1633 801
cjpl 1634 801
cjpl 1635 801
cjpl 1636 801
cjpl 1637 801
cjpl 1638 801
cjpl 1639 800
cjpl 1640 800
cjpl 1641 800
cjpl 1642 801
cjpl 1643 801
cjpl 1644 801
cjpl 1645 800
cjpl 1646 800
cjpl 1647 800
cjpl 1648 800
cjpl 1649 798
cjpl 1650 795
cjpl 1651 801
cjpl 1652 801
cjpl 1653 801
cjpl 1654 796
cjpl 1655 800
cjpl 1656 800
cjpl 1657 799
cjpl 1658 801
cjpl 1659 801
cjpl 1660 799
cjpl 1661 800
cjpl 1662 801
cjpl 1663 799
cjpl 1664 800
cjpl 1665 801
cjpl 1666 799
cjpl 1667 801
cjpl 1668 801
cjpl 1669 800
cjpl 1670 801
cjpl 1671 799
cjpl 1672 800
cjpl 1673 798
cjpl 1674 800
cjpl 1675 801
cjpl 1676 801
cjpl 1677 801
cjpl 1678 801
cjpl 1679 801
cjpl 1680 801
cjpl 1681 801
cjpl 1682 801
cjpl 1683 800
cjpl 1684 801
cjpl 1685 801
cjpl 1686 800
cjpl 1687 801
cjpl 1688 800
cjpl 1689 800
cjpl 1690 799
cjpl 1691 801
cjpl 1692 800
cjpl 1693 796
cjpl 1694 800
cjpl 1695 800
cjpl 1696 800
cjpl 1697 800
cjpl 1698 800
cjpl 1699 800
cjpl 1700 801
cjpl 1701 801
cjpl 1702 801
cjpl 1703 800
cjpl 1704 801
cjpl 1705 800
cjpl 1706 800
cjpl 1707 799
cjpl 1708 801
cjpl 1709 800
cjpl 1710 800
cjpl 1711 801
cjpl 1712 800
cjpl 1713 801
cjpl 1714 799
cjpl 1715 801
cjpl 1716 800
cjpl 1717 801
cjpl 1718 801
cjpl 1719 801
cjpl 1720 801
cjpl 1721 799
cjpl 1722 801
cjpl 1723 800
cjpl 1724 800
cjpl 1725 801
cjpl 1726 801
cjpl 1727 801
cjpl 1728 797
cjpl 1729 801
cjpl 1730 801
cjpl 1731 801
cjpl 1732 801
cjpl 1733 800
cjpl 1734 799
cjpl 1735 798
cjpl 1736 800
cjpl 1737 801
cjpl 1738 801
cjpl 1739 800
cjpl 1740 797
cjpl 1741 801
cjpl 1742 799
cjpl 1743 798
cjpl 1744 800
cjpl 1745 795
cjpl 1746 801
cjpl 1747 799
cjpl 1748 801
cjpl 1749 796
cjpl 1750 801
cjpl 1751 801
cjpl 1752 801
cjpl 1753 800
cjpl 1754 801
cjpl 1755 799
cjpl 1756 799
cjpl 1757 801
cjpl 1758 800
cjpl 1759 801
cjpl 1760 801
cjpl 1761 801
cjpl 1762 801
cjpl 1763 799
cjpl 1764 800
cjpl 1765 801
cjpl 1766 800
cjpl 1767 800
cjpl 1768 800
cjpl 1769 800
cjpl 1770 801
cjpl 1771 800
cjpl 1772 800
cjpl 1773 800
cjpl 1774 799
cjpl 1775 801
cjpl 1776 801
cjpl 1777 801
cjpl 1778 801
cjpl 1779 801
cjpl 1780 799
cjpl 1781 801
cjpl 1782 798
cjpl 1783 800
cjpl 1784 800
cjpl 1785 801
cjpl 1786 799
cjpl 1787 799
cjpl 1788 800
cjpl 1789 800
cjpl 1790 769
cjpl 1791 801
cjpl 1792 800
cjpl 1793 801
cjpl 1794 801
cjpl 1795 800
cjpl 1796 799
cjpl 1797 801
cjpl 1798 801
cjpl 1799 801
cjpl 1800 800
cjpl 1801 809
cjpl 1802 800
cjpl 1803 801
cjpl 1804 798
cjpl 1805 801
cjpl 1806 801
cjpl 1807 801
cjpl 1808 799
cjpl 1809 801
cjpl 1810 801
cjpl 1811 801
cjpl 1812 800
cjpl 1813 808
cjpl 1814 801
cjpl 1815 801
cjpl 1816 801
cjpl 1817 801
cjpl 1818 801
cjpl 1819 801
cjpl 1820 801
cjpl 1821 801
cjpl 1822 801
cjpl 1823 801
cjpl 1824 801
cjpl 1825 801
cjpl 1826 800
cjpl 1827 801
cjpl 1828 801
cjpl 1829 801
cjpl 1830 801
cjpl 1831 801
cjpl 1832 799
cjpl 1833 801
cjpl 1834 801
cjpl 1835 801
cjpl 1836 799
cjpl 1837 800
cjpl 1838 800
cjpl 1839 800
cjpl 1840 801
cjpl 1841 800
cjpl 1842 801
cjpl 1843 801
cjpl 1844 801
cjpl 1845 801
cjpl 1846 801
cjpl 1847 799
cjpl 1848 800
cjpl 1849 801
cjpl 1850 801
cjpl 1851 799
cjpl 1852 801
cjpl 1853 801
cjpl 1854 798
cjpl 1855 801
cjpl 1856 800
cjpl 1857 800
cjpl 1858 798
cjpl 1859 796
cjpl 1860 800
cjpl 1861 801
cjpl 1862 799
cjpl 1863 799
cjpl 1864 806
cjpl 1865 801
cjpl 1866 800
cjpl 1867 799
cjpl 1868 799
cjpl 1869 801
cjpl 1870 801
cjpl 1871 800
cjpl 1872 800
cjpl 1873 801
cjpl 1874 798
cjpl 1875 800
cjpl 1876 799
cjpl 1877 800
cjpl 1878 799
cjpl 1879 800
cjpl 1880 801
cjpl 1881 800
cjpl 1882 801
cjpl 1883 801
cjpl 1884 800
cjpl 1885 801
cjpl 1886 798
cjpl 1887 801
cjpl 1888 801
cjpl 1889 801
cjpl 1890 798
cjpl 1891 801
cjpl 1892 799
cjpl 1893 801
cjpl 1894 801
cjpl 1895 799
cjpl 1896 799
cjpl 1897 801
cjpl 1898 798
cjpl 1899 799
cjpl 1900 801
cjpl 1901 801
cjpl 1902 801
cjpl 1903 801
cjpl 1904 801
cjpl 1905 800
cjpl 1906 801
cjpl 1907 801
cjpl 1908 801
cjpl 1909 800
cjpl 1910 801
cjpl 1911 799
cjpl 1912 801
cjpl 1913 801
cjpl 1914 801
cjpl 1915 800
cjpl 1916 800
cjpl 1917 801
cjpl 1918 800
cjpl 1919 800
cjpl 1920 801
cjpl 1921 800
cjpl 1922 801
cjpl 1923 801
cjpl 1924 801
cjpl 1925 801
cjpl 1926 799
cjpl 1927 801
cjpl 1928 800
cjpl 1929 801
cjpl 1930 801
cjpl 1931 801
cjpl 1932 801
cjpl 1933 800
cjpl 1934 801
cjpl 1935 800
cjpl 1936 801
cjpl 1937 799
cjpl 1938 801
cjpl 1939 799
cjpl 1940 799
cjpl 1941 798
cjpl 1942 801
cjpl 1943 801
cjpl 1944 801
cjpl 1945 801
cjpl 1946 799
cjpl 1947 800
cjpl 1948 801
cjpl 1949 801
cjpl 1950 801
cjpl 1951 799
cjpl 1952 801
cjpl 1953 800
cjpl 1954 801
cjpl 1955 801
cjpl 1956 801
cjpl 1957 801
cjpl 1958 801
cjpl 1959 801
cjpl 1960 800
cjpl 1961 801
cjpl 1962 800
cjpl 1963 801
cjpl 1964 799
cjpl 1965 801
cjpl 1966 800
cjpl 1967 801
cjpl 1968 801
cjpl 1969 801
cjpl 1970 801
cjpl 1971 800
cjpl 1972 800
cjpl 1973 801
cjpl 1974 801
cjpl 1975 801
cjpl 1976 801
cjpl 1977 800
cjpl 1978 800
cjpl 1979 801
cjpl 1980 801
cjpl 1981 801
cjpl 1982 801
cjpl 1983 801
cjpl 1984 801
cjpl 1985 801
cjpl 1986 801
cjpl 1987 801
cjpl 1988 801
cjpl 1989 801
cjpl 1990 798
cjpl 1991 801
cjpl 1992 800
cjpl 1993 801
cjpl 1994 801
cjpl 1995 800
cjpl 1996 801
cjpl 1997 801
cjpl 1998 800
cjpl 1999 801
cjpl 2000 800
cjpl 2001 800
cjpl 2002 801
cjpl 2003 800
cjpl 2004 801
cjpl 2005 799
cjpl 2006 800
cjpl 2007 799
cjpl 2008 801
cjpl 2009 801
cjpl 2010 799
cjpl 2011 799
cjpl 2012 801
cjpl 2013 801
cjpl 2014 801
cjpl 2015 800
cjpl 2016 800
cjpl 2017 800
cjpl 2018 801
cjpl 2019 801
cjpl 2020 801
cjpl 2021 791
cjpl 2022 799
cjpl 2023 800
cjpl 2024 786
cjpl 2025 800
cjpl 2026 800
cjpl 2027 794
cjpl 2028 801
cjpl 2029 799
cjpl 2030 800
cjpl 2031 801
cjpl 2032 801
cjpl 2033 801
cjpl 2034 801
cjpl 2035 800
cjpl 2036 801
cjpl 2037 800
cjpl 2038 801
cjpl 2039 801
cjpl 2040 800
cjpl 2041 801
cjpl 2042 799
cjpl 2043 801
cjpl 2044 801
cjpl 2045 801
cjpl 2046 800
cjpl 2047 801
cjpl 2048 801
cjpl 2049 801
cjpl 2050 801
cjpl 2051 801
cjpl 2052 801
cjpl 2053 801
cjpl 2054 801
cjpl 2055 801
cjpl 2056 800
cjpl 2057 799
cjpl 2058 801
cjpl 2059 801
cjpl 2060 800
cjpl 2061 801
cjpl 2062 801
cjpl 2063 801
cjpl 2064 801
cjpl 2065 801
cjpl 2066 801
cjpl 2067 801
cjpl 2068 801
cjpl 2069 800
cjpl 2070 801
cjpl 2071 801
cjpl 2072 801
cjpl 2073 801
cjpl 2074 801
cjpl 2075 800
cjpl 2076 800
cjpl 2077 801
cjpl 2078 799
cjpl 2079 801
cjpl 2080 801
cjpl 2081 797
cjpl 2082 481
Unhandled error in Deferred:

Traceback (most recent call last):
  File "/home/wy/anaconda3/envs/py3/lib/python3.7/site-packages/scrapy/crawler.py", line 172, in crawl
    return self._crawl(crawler, *args, **kwargs)
  File "/home/wy/anaconda3/envs/py3/lib/python3.7/site-packages/scrapy/crawler.py", line 176, in _crawl
    d = crawler.crawl(*args, **kwargs)
  File "/home/wy/anaconda3/envs/py3/lib/python3.7/site-packages/twisted/internet/defer.py", line 1613, in unwindGenerator
    return _cancellableInlineCallbacks(gen)
  File "/home/wy/anaconda3/envs/py3/lib/python3.7/site-packages/twisted/internet/defer.py", line 1529, in _cancellableInlineCallbacks
    _inlineCallbacks(None, g, status)
--- <exception caught here> ---
  File "/home/wy/anaconda3/envs/py3/lib/python3.7/site-packages/twisted/internet/defer.py", line 1418, in _inlineCallbacks
    result = g.send(result)
  File "/home/wy/anaconda3/envs/py3/lib/python3.7/site-packages/scrapy/crawler.py", line 79, in crawl
    self.spider = self._create_spider(*args, **kwargs)
  File "/home/wy/anaconda3/envs/py3/lib/python3.7/site-packages/scrapy/crawler.py", line 102, in _create_spider
    return self.spidercls.from_crawler(self, *args, **kwargs)
  File "/home/wy/anaconda3/envs/py3/lib/python3.7/site-packages/scrapy/spiders/__init__.py", line 51, in from_crawler
    spider = cls(*args, **kwargs)
  File "/home/wy/citics/eastMoney/eastMoney/spiders/guba_default.py", line 23, in __init__
    numpage = math.ceil(int(pageresponse.split('|')[-3]) / int(pageresponse.split('|')[-2]))
builtins.AttributeError: 'NoneType' object has no attribute 'split'

cjpl_2083 error, wating for 10 mins
cjpl 2083 801
cjpl 2084 801
cjpl 2085 796
cjpl 2086 801
cjpl 2087 800
cjpl 2088 801
cjpl 2089 801
cjpl 2090 801
cjpl 2091 800
cjpl 2092 801
cjpl 2093 801
cjpl 2094 800
cjpl 2095 801
cjpl 2096 801
cjpl 2097 801
cjpl 2098 800
cjpl 2099 801
cjpl 2100 801
cjpl 2101 801
cjpl 2102 800
cjpl 2103 801
cjpl 2104 800
Unhandled error in Deferred:

Traceback (most recent call last):
  File "/home/wy/anaconda3/envs/py3/lib/python3.7/site-packages/scrapy/crawler.py", line 172, in crawl
    return self._crawl(crawler, *args, **kwargs)
  File "/home/wy/anaconda3/envs/py3/lib/python3.7/site-packages/scrapy/crawler.py", line 176, in _crawl
    d = crawler.crawl(*args, **kwargs)
  File "/home/wy/anaconda3/envs/py3/lib/python3.7/site-packages/twisted/internet/defer.py", line 1613, in unwindGenerator
    return _cancellableInlineCallbacks(gen)
  File "/home/wy/anaconda3/envs/py3/lib/python3.7/site-packages/twisted/internet/defer.py", line 1529, in _cancellableInlineCallbacks
    _inlineCallbacks(None, g, status)
--- <exception caught here> ---
  File "/home/wy/anaconda3/envs/py3/lib/python3.7/site-packages/twisted/internet/defer.py", line 1418, in _inlineCallbacks
    result = g.send(result)
  File "/home/wy/anaconda3/envs/py3/lib/python3.7/site-packages/scrapy/crawler.py", line 79, in crawl
    self.spider = self._create_spider(*args, **kwargs)
  File "/home/wy/anaconda3/envs/py3/lib/python3.7/site-packages/scrapy/crawler.py", line 102, in _create_spider
    return self.spidercls.from_crawler(self, *args, **kwargs)
  File "/home/wy/anaconda3/envs/py3/lib/python3.7/site-packages/scrapy/spiders/__init__.py", line 51, in from_crawler
    spider = cls(*args, **kwargs)
  File "/home/wy/citics/eastMoney/eastMoney/spiders/guba_default.py", line 23, in __init__
    numpage = math.ceil(int(pageresponse.split('|')[-3]) / int(pageresponse.split('|')[-2]))
builtins.AttributeError: 'NoneType' object has no attribute 'split'

cjpl_2105 error, wating for 10 mins
cjpl 2105 801
cjpl 2106 808
cjpl 2107 800
cjpl 2108 801
cjpl 2109 801
cjpl 2110 801
cjpl 2111 800
cjpl 2112 800
cjpl 2113 801
cjpl 2114 801
cjpl 2115 801
cjpl 2116 801
cjpl 2117 801
cjpl 2118 801
cjpl 2119 801
cjpl 2120 801
cjpl 2121 801
cjpl 2122 801
cjpl 2123 801
cjpl 2124 800
cjpl 2125 801
cjpl 2126 800
cjpl 2127 801
cjpl 2128 799
cjpl 2129 801
cjpl 2130 800
cjpl 2131 801
cjpl 2132 801
cjpl 2133 801
cjpl 2134 799
cjpl 2135 801
cjpl 2136 801
cjpl 2137 800
cjpl 2138 801
cjpl 2139 801
cjpl 2140 800
cjpl 2141 801
cjpl 2142 801
cjpl 2143 801
Unhandled error in Deferred:

Traceback (most recent call last):
  File "/home/wy/anaconda3/envs/py3/lib/python3.7/site-packages/scrapy/crawler.py", line 172, in crawl
    return self._crawl(crawler, *args, **kwargs)
  File "/home/wy/anaconda3/envs/py3/lib/python3.7/site-packages/scrapy/crawler.py", line 176, in _crawl
    d = crawler.crawl(*args, **kwargs)
  File "/home/wy/anaconda3/envs/py3/lib/python3.7/site-packages/twisted/internet/defer.py", line 1613, in unwindGenerator
    return _cancellableInlineCallbacks(gen)
  File "/home/wy/anaconda3/envs/py3/lib/python3.7/site-packages/twisted/internet/defer.py", line 1529, in _cancellableInlineCallbacks
    _inlineCallbacks(None, g, status)
--- <exception caught here> ---
  File "/home/wy/anaconda3/envs/py3/lib/python3.7/site-packages/twisted/internet/defer.py", line 1418, in _inlineCallbacks
    result = g.send(result)
  File "/home/wy/anaconda3/envs/py3/lib/python3.7/site-packages/scrapy/crawler.py", line 79, in crawl
    self.spider = self._create_spider(*args, **kwargs)
  File "/home/wy/anaconda3/envs/py3/lib/python3.7/site-packages/scrapy/crawler.py", line 102, in _create_spider
    return self.spidercls.from_crawler(self, *args, **kwargs)
  File "/home/wy/anaconda3/envs/py3/lib/python3.7/site-packages/scrapy/spiders/__init__.py", line 51, in from_crawler
    spider = cls(*args, **kwargs)
  File "/home/wy/citics/eastMoney/eastMoney/spiders/guba_default.py", line 23, in __init__
    numpage = math.ceil(int(pageresponse.split('|')[-3]) / int(pageresponse.split('|')[-2]))
builtins.AttributeError: 'NoneType' object has no attribute 'split'

cjpl_2144 error, wating for 10 mins
cjpl 2144 797
cjpl 2145 800
cjpl 2146 801
cjpl 2147 801
cjpl 2148 800
cjpl 2149 801
cjpl 2150 841
cjpl 2151 801
cjpl 2152 801
cjpl 2153 800
cjpl 2154 799
cjpl 2155 801
cjpl 2156 801
cjpl 2157 800
cjpl 2158 801
cjpl 2159 801
cjpl 2160 800
cjpl 2161 801
cjpl 2162 800
cjpl 2163 800
cjpl 2164 799
cjpl 2165 801
cjpl 2166 799
cjpl 2167 801
cjpl 2168 800
cjpl 2169 801
cjpl 2170 800
cjpl 2171 800
cjpl 2172 801
cjpl 2173 801
cjpl 2174 801
cjpl 2175 801
cjpl 2176 801
cjpl 2177 801
cjpl 2178 801
cjpl 2179 801
cjpl 2180 800
cjpl 2181 800
cjpl 2182 801
cjpl 2183 801
cjpl 2184 801
cjpl 2185 801
cjpl 2186 800
cjpl 2187 801
cjpl 2188 801
cjpl 2189 800
cjpl 2190 801
cjpl 2191 800
cjpl 2192 801
cjpl 2193 800
cjpl 2194 801
cjpl 2195 799
cjpl 2196 800
cjpl 2197 801
cjpl 2198 801
cjpl 2199 799
cjpl 2200 801
cjpl 2201 799
cjpl 2202 801
cjpl 2203 801
cjpl 2204 801
cjpl 2205 800
cjpl 2206 800
cjpl 2207 801
cjpl 2208 800
cjpl 2209 801
cjpl 2210 801
cjpl 2211 799
cjpl 2212 801
cjpl 2213 800
cjpl 2214 800
cjpl 2215 800
cjpl 2216 801
cjpl 2217 801
cjpl 2218 801
cjpl 2219 801
cjpl 2220 801
cjpl 2221 801
cjpl 2222 800
cjpl 2223 800
cjpl 2224 799
cjpl 2225 801
cjpl 2226 801
cjpl 2227 801
cjpl 2228 801
cjpl 2229 801
cjpl 2230 800
cjpl 2231 800
cjpl 2232 801
cjpl 2233 800
cjpl 2234 719
cjpl 2235 801
cjpl 2236 800
cjpl 2237 801
cjpl 2238 801
cjpl 2239 800
cjpl 2240 801
cjpl 2241 799
cjpl 2242 801
cjpl 2243 801
cjpl 2244 801
cjpl 2245 800
cjpl 2246 800
cjpl 2247 801
cjpl 2248 799
cjpl 2249 800
cjpl 2250 799
cjpl 2251 800
cjpl 2252 799
cjpl 2253 801
cjpl 2254 801
cjpl 2255 801
cjpl 2256 800
cjpl 2257 800
cjpl 2258 800
cjpl 2259 800
cjpl 2260 801
cjpl 2261 801
cjpl 2262 800
cjpl 2263 801
cjpl 2264 801
cjpl 2265 800
cjpl 2266 800
cjpl 2267 800
cjpl 2268 800
cjpl 2269 801
cjpl 2270 800
cjpl 2271 799
cjpl 2272 801
cjpl 2273 800
cjpl 2274 801
cjpl 2275 797
cjpl 2276 801
cjpl 2277 799
cjpl 2278 800
cjpl 2279 801
cjpl 2280 801
cjpl 2281 801
cjpl 2282 798
cjpl 2283 801
cjpl 2284 800
cjpl 2285 800
cjpl 2286 801
cjpl 2287 801
cjpl 2288 798
cjpl 2289 800
cjpl 2290 800
cjpl 2291 799
cjpl 2292 801
cjpl 2293 800
cjpl 2294 800
cjpl 2295 799
cjpl 2296 801
cjpl 2297 801
cjpl 2298 801
cjpl 2299 800
cjpl 2300 801
cjpl 2301 800
cjpl 2302 801
cjpl 2303 801
cjpl 2304 800
cjpl 2305 801
cjpl 2306 800
cjpl 2307 800
cjpl 2308 801
cjpl 2309 801
cjpl 2310 801
cjpl 2311 800
cjpl 2312 801
cjpl 2313 801
cjpl 2314 801
cjpl 2315 799
cjpl 2316 798
cjpl 2317 801
cjpl 2318 801
cjpl 2319 800
cjpl 2320 798
cjpl 2321 801
cjpl 2322 801
cjpl 2323 800
cjpl 2324 800
cjpl 2325 801
cjpl 2326 799
cjpl 2327 801
cjpl 2328 801
cjpl 2329 800
cjpl 2330 801
cjpl 2331 801
cjpl 2332 801
cjpl 2333 801
cjpl 2334 801
cjpl 2335 801
cjpl 2336 801
cjpl 2337 801
cjpl 2338 801
cjpl 2339 800
cjpl 2340 800
cjpl 2341 801
cjpl 2342 800
cjpl 2343 801
cjpl 2344 801
cjpl 2345 801
cjpl 2346 801
cjpl 2347 800
cjpl 2348 800
cjpl 2349 801
cjpl 2350 801
cjpl 2351 801
cjpl 2352 800
cjpl 2353 801
cjpl 2354 801
cjpl 2355 801
cjpl 2356 801
cjpl 2357 801
cjpl 2358 720
cjpl 2359 801
cjpl 2360 801
cjpl 2361 801
cjpl 2362 800
cjpl 2363 801
cjpl 2364 801
cjpl 2365 801
cjpl 2366 801
cjpl 2367 799
cjpl 2368 801
cjpl 2369 802
cjpl 2370 800
cjpl 2371 721
cjpl 2372 801
cjpl 2373 801
cjpl 2374 801
cjpl 2375 800
cjpl 2376 800
cjpl 2377 810
cjpl 2378 800
cjpl 2379 799
cjpl 2380 801
cjpl 2381 800
cjpl 2382 801
cjpl 2383 800
cjpl 2384 800
cjpl 2385 801
cjpl 2386 801
cjpl 2387 801
cjpl 2388 800
cjpl 2389 801
cjpl 2390 800
cjpl 2391 800
cjpl 2392 801
cjpl 2393 800
cjpl 2394 801
cjpl 2395 793
cjpl 2396 800
cjpl 2397 801
cjpl 2398 801
cjpl 2399 800
cjpl 2400 801
cjpl 2401 801
cjpl 2402 800
cjpl 2403 800
cjpl 2404 801
cjpl 2405 791
cjpl 2406 796
cjpl 2407 800
cjpl 2408 801
cjpl 2409 801
cjpl 2410 801
cjpl 2411 801
cjpl 2412 801
cjpl 2413 801
cjpl 2414 802
cjpl 2415 801
cjpl 2416 801
cjpl 2417 801
cjpl 2418 801
cjpl 2419 801
cjpl 2420 801
cjpl 2421 801
cjpl 2422 801
cjpl 2423 801
cjpl 2424 801
cjpl 2425 802
cjpl 2426 800
cjpl 2427 801
cjpl 2428 801
cjpl 2429 801
cjpl 2430 801
cjpl 2431 801
cjpl 2432 801
cjpl 2433 801
cjpl 2434 800
cjpl 2435 801
cjpl 2436 799
cjpl 2437 801
cjpl 2438 801
cjpl 2439 801
cjpl 2440 801
cjpl 2441 801
cjpl 2442 801
cjpl 2443 801
cjpl 2444 800
cjpl 2445 801
cjpl 2446 801
cjpl 2447 801
cjpl 2448 801
cjpl 2449 801
cjpl 2450 798
cjpl 2451 801
cjpl 2452 801
cjpl 2453 800
cjpl 2454 801
cjpl 2455 801
cjpl 2456 801
cjpl 2457 801
cjpl 2458 800
cjpl 2459 801
cjpl 2460 801
cjpl 2461 801
cjpl 2462 801
cjpl 2463 801
cjpl 2464 801
cjpl 2465 801
cjpl 2466 809
cjpl 2467 801
cjpl 2468 801
cjpl 2469 801
cjpl 2470 801
cjpl 2471 800
cjpl 2472 801
cjpl 2473 800
cjpl 2474 721
cjpl 2475 801
cjpl 2476 801
cjpl 2477 801
cjpl 2478 801
cjpl 2479 801
cjpl 2480 801
cjpl 2481 801
cjpl 2482 800
cjpl 2483 802
cjpl 2484 801
cjpl 2485 801
cjpl 2486 800
cjpl 2487 801
cjpl 2488 801
cjpl 2489 801
cjpl 2490 801
cjpl 2491 801
cjpl 2492 801
cjpl 2493 800
cjpl 2494 800
cjpl 2495 801
cjpl 2496 800
cjpl 2497 801
cjpl 2498 801
cjpl 2499 801
cjpl 2500 802
cjpl 2501 800
cjpl 2502 801
cjpl 2503 801
cjpl 2504 801
cjpl 2505 801
cjpl 2506 801
cjpl 2507 801
cjpl 2508 801
cjpl 2509 801
cjpl 2510 802
cjpl 2511 797
cjpl 2512 801
cjpl 2513 801
cjpl 2514 801
cjpl 2515 801
cjpl 2516 801
cjpl 2517 801
cjpl 2518 801
cjpl 2519 801
cjpl 2520 801
cjpl 2521 801
cjpl 2522 801
cjpl 2523 801
cjpl 2524 801
cjpl 2525 801
cjpl 2526 801
cjpl 2527 801
cjpl 2528 801
cjpl 2529 801
cjpl 2530 809
cjpl 2531 801
cjpl 2532 798
cjpl 2533 809
cjpl 2534 796
cjpl 2535 795
cjpl 2536 801
cjpl 2537 797
cjpl 2538 801
cjpl 2539 802
cjpl 2540 802
cjpl 2541 804
cjpl 2542 805
cjpl 2543 802
cjpl 2544 804
cjpl 2545 808
cjpl 2546 804
cjpl 2547 804
cjpl 2548 809
cjpl 2549 802
cjpl 2550 804
cjpl 2551 816
cjpl 2552 804
cjpl 2553 802
cjpl 2554 803
cjpl 2555 803
cjpl 2556 807
cjpl 2557 800
cjpl 2558 817
cjpl 2559 803
cjpl 2560 804
cjpl 2561 815
cjpl 2562 804
cjpl 2563 806
cjpl 2564 802
cjpl 2565 804
cjpl 2566 801
cjpl 2567 806
cjpl 2568 807
cjpl 2569 817
cjpl 2570 803
cjpl 2571 807
cjpl 2572 812
cjpl 2573 802
cjpl 2574 804
cjpl 2575 802
cjpl 2576 806
cjpl 2577 807
cjpl 2578 803
cjpl 2579 810
cjpl 2580 808
cjpl 2581 802
cjpl 2582 808
cjpl 2583 799
cjpl 2584 803
cjpl 2585 801
cjpl 2586 805
cjpl 2587 805
cjpl 2588 802
cjpl 2589 806
cjpl 2590 804
cjpl 2591 803
cjpl 2592 806
cjpl 2593 807
cjpl 2594 802
cjpl 2595 808
cjpl 2596 809
cjpl 2597 805
cjpl 2598 806
cjpl 2599 807
cjpl 2600 801
cjpl 2601 807
cjpl 2602 804
cjpl 2603 801
cjpl 2604 802
cjpl 2605 804
cjpl 2606 806
cjpl 2607 806
cjpl 2608 807
cjpl 2609 809
cjpl 2610 806
cjpl 2611 812
cjpl 2612 801
cjpl 2613 805
cjpl 2614 804
cjpl 2615 802
cjpl 2616 801
cjpl 2617 803
cjpl 2618 808
cjpl 2619 800
cjpl 2620 803
cjpl 2621 808
cjpl 2622 804
cjpl 2623 804
cjpl 2624 803
cjpl 2625 806
cjpl 2626 804
cjpl 2627 815
cjpl 2628 805
cjpl 2629 802
cjpl 2630 802
cjpl 2631 805
cjpl 2632 806
cjpl 2633 804
cjpl 2634 804
cjpl 2635 806
cjpl 2636 807
cjpl 2637 803
cjpl 2638 807
cjpl 2639 803
cjpl 2640 801
cjpl 2641 805
cjpl 2642 805
cjpl 2643 809
cjpl 2644 802
cjpl 2645 804
cjpl 2646 752
cjpl 2647 804
cjpl 2648 804
cjpl 2649 802
cjpl 2650 805
cjpl 2651 804
cjpl 2652 803
cjpl 2653 802
cjpl 2654 805
cjpl 2655 803
cjpl 2656 808
cjpl 2657 801
cjpl 2658 804
cjpl 2659 803
cjpl 2660 808
cjpl 2661 806
cjpl 2662 804
cjpl 2663 805
cjpl 2664 804
cjpl 2665 804
cjpl 2666 805
cjpl 2667 801
cjpl 2668 806
cjpl 2669 802
cjpl 2670 805
cjpl 2671 810
cjpl 2672 803
cjpl 2673 802
cjpl 2674 803
cjpl 2675 807
cjpl 2676 805
cjpl 2677 805
cjpl 2678 722
cjpl 2679 801
cjpl 2680 803
cjpl 2681 803
cjpl 2682 803
cjpl 2683 807
cjpl 2684 805
cjpl 2685 803
cjpl 2686 803
cjpl 2687 802
cjpl 2688 801
cjpl 2689 803
cjpl 2690 803
cjpl 2691 803
cjpl 2692 804
cjpl 2693 803
cjpl 2694 802
cjpl 2695 805
cjpl 2696 807
cjpl 2697 802
cjpl 2698 803
cjpl 2699 805
cjpl 2700 803
cjpl 2701 805
cjpl 2702 803
cjpl 2703 804
cjpl 2704 803
cjpl 2705 802
cjpl 2706 805
cjpl 2707 804
cjpl 2708 809
cjpl 2709 804
cjpl 2710 802
cjpl 2711 804
cjpl 2712 804
cjpl 2713 804
cjpl 2714 802
cjpl 2715 800
cjpl 2716 802
cjpl 2717 641
cjpl 2718 723
Unhandled error in Deferred:

Traceback (most recent call last):
  File "/home/wy/anaconda3/envs/py3/lib/python3.7/site-packages/scrapy/crawler.py", line 172, in crawl
    return self._crawl(crawler, *args, **kwargs)
  File "/home/wy/anaconda3/envs/py3/lib/python3.7/site-packages/scrapy/crawler.py", line 176, in _crawl
    d = crawler.crawl(*args, **kwargs)
  File "/home/wy/anaconda3/envs/py3/lib/python3.7/site-packages/twisted/internet/defer.py", line 1613, in unwindGenerator
    return _cancellableInlineCallbacks(gen)
  File "/home/wy/anaconda3/envs/py3/lib/python3.7/site-packages/twisted/internet/defer.py", line 1529, in _cancellableInlineCallbacks
    _inlineCallbacks(None, g, status)
--- <exception caught here> ---
  File "/home/wy/anaconda3/envs/py3/lib/python3.7/site-packages/twisted/internet/defer.py", line 1418, in _inlineCallbacks
    result = g.send(result)
  File "/home/wy/anaconda3/envs/py3/lib/python3.7/site-packages/scrapy/crawler.py", line 79, in crawl
    self.spider = self._create_spider(*args, **kwargs)
  File "/home/wy/anaconda3/envs/py3/lib/python3.7/site-packages/scrapy/crawler.py", line 102, in _create_spider
    return self.spidercls.from_crawler(self, *args, **kwargs)
  File "/home/wy/anaconda3/envs/py3/lib/python3.7/site-packages/scrapy/spiders/__init__.py", line 51, in from_crawler
    spider = cls(*args, **kwargs)
  File "/home/wy/citics/eastMoney/eastMoney/spiders/guba_default.py", line 23, in __init__
    numpage = math.ceil(int(pageresponse.split('|')[-3]) / int(pageresponse.split('|')[-2]))
builtins.AttributeError: 'NoneType' object has no attribute 'split'

cjpl_2719 error, wating for 10 mins
cjpl 2719 803
cjpl 2720 804
cjpl 2721 803
cjpl 2722 805
cjpl 2723 802
cjpl 2724 806
cjpl 2725 802
cjpl 2726 802
cjpl 2727 807
cjpl 2728 803
cjpl 2729 805
cjpl 2730 805
cjpl 2731 801
cjpl 2732 803
cjpl 2733 805
cjpl 2734 810
cjpl 2735 808
cjpl 2736 806
cjpl 2737 805
cjpl 2738 805
cjpl 2739 805
cjpl 2740 802
cjpl 2741 803
cjpl 2742 814
cjpl 2743 803
cjpl 2744 818
cjpl 2745 804
cjpl 2746 812
cjpl 2747 807
cjpl 2748 804
cjpl 2749 813
cjpl 2750 802
cjpl 2751 802
cjpl 2752 816
cjpl 2753 803
cjpl 2754 811
cjpl 2755 801
cjpl 2756 807
cjpl 2757 809
cjpl 2758 806
cjpl 2759 815
cjpl 2760 802
cjpl 2761 803
cjpl 2762 805
cjpl 2763 802
cjpl 2764 806
cjpl 2765 807
cjpl 2766 803
cjpl 2767 802
cjpl 2768 805
cjpl 2769 801
cjpl 2770 804
cjpl 2771 804
cjpl 2772 806
cjpl 2773 803
cjpl 2774 801
cjpl 2775 806
cjpl 2776 805
cjpl 2777 807
cjpl 2778 803
cjpl 2779 801
cjpl 2780 803
cjpl 2781 807
cjpl 2782 803
cjpl 2783 808
cjpl 2784 802
cjpl 2785 802
cjpl 2786 801
cjpl 2787 802
cjpl 2788 804
cjpl 2789 801
cjpl 2790 801
cjpl 2791 804
cjpl 2792 805
cjpl 2793 802
cjpl 2794 801
cjpl 2795 808
cjpl 2796 806
cjpl 2797 802
cjpl 2798 810
cjpl 2799 804
cjpl 2800 803
cjpl 2801 801
cjpl 2802 807
cjpl 2803 803
cjpl 2804 801
cjpl 2805 804
cjpl 2806 804
cjpl 2807 801
cjpl 2808 804
cjpl 2809 802
cjpl 2810 802
cjpl 2811 802
cjpl 2812 808
cjpl 2813 804
cjpl 2814 801
cjpl 2815 811
cjpl 2816 805
cjpl 2817 801
cjpl 2818 801
cjpl 2819 802
cjpl 2820 801
cjpl 2821 801
cjpl 2822 801
cjpl 2823 802
cjpl 2824 805
cjpl 2825 803
cjpl 2826 801
cjpl 2827 807
cjpl 2828 803
cjpl 2829 802
cjpl 2830 805
cjpl 2831 809
cjpl 2832 802
cjpl 2833 804
cjpl 2834 809
cjpl 2835 808
cjpl 2836 804
cjpl 2837 802
cjpl 2838 802
cjpl 2839 801
cjpl 2840 796
cjpl 2841 802
cjpl 2842 802
cjpl 2843 803
cjpl 2844 804
cjpl 2845 802
cjpl 2846 810
cjpl 2847 812
cjpl 2848 801
cjpl 2849 804
cjpl 2850 801
cjpl 2851 801
cjpl 2852 804
cjpl 2853 806
cjpl 2854 801
cjpl 2855 802
cjpl 2856 802
cjpl 2857 802
cjpl 2858 802
cjpl 2859 803
cjpl 2860 802
cjpl 2861 803
cjpl 2862 804
cjpl 2863 803
cjpl 2864 806
cjpl 2865 802
cjpl 2866 809
cjpl 2867 803
cjpl 2868 804
cjpl 2869 802
cjpl 2870 802
cjpl 2871 804
cjpl 2872 803
cjpl 2873 803
cjpl 2874 801
cjpl 2875 801
cjpl 2876 802
cjpl 2877 802
cjpl 2878 802
cjpl 2879 808
cjpl 2880 804
cjpl 2881 801
cjpl 2882 724
cjpl 2883 802
cjpl 2884 804
cjpl 2885 802
cjpl 2886 797
cjpl 2887 799
cjpl 2888 806
cjpl 2889 802
cjpl 2890 803
cjpl 2891 801
cjpl 2892 803
cjpl 2893 805
cjpl 2894 801
cjpl 2895 800
cjpl 2896 798
cjpl 2897 804
cjpl 2898 801
cjpl 2899 803
cjpl 2900 803
cjpl 2901 803
cjpl 2902 801
cjpl 2903 801
cjpl 2904 805
cjpl 2905 804
cjpl 2906 562
cjpl 2907 723
Unhandled error in Deferred:

Traceback (most recent call last):
  File "/home/wy/anaconda3/envs/py3/lib/python3.7/site-packages/scrapy/crawler.py", line 172, in crawl
    return self._crawl(crawler, *args, **kwargs)
  File "/home/wy/anaconda3/envs/py3/lib/python3.7/site-packages/scrapy/crawler.py", line 176, in _crawl
    d = crawler.crawl(*args, **kwargs)
  File "/home/wy/anaconda3/envs/py3/lib/python3.7/site-packages/twisted/internet/defer.py", line 1613, in unwindGenerator
    return _cancellableInlineCallbacks(gen)
  File "/home/wy/anaconda3/envs/py3/lib/python3.7/site-packages/twisted/internet/defer.py", line 1529, in _cancellableInlineCallbacks
    _inlineCallbacks(None, g, status)
--- <exception caught here> ---
  File "/home/wy/anaconda3/envs/py3/lib/python3.7/site-packages/twisted/internet/defer.py", line 1418, in _inlineCallbacks
    result = g.send(result)
  File "/home/wy/anaconda3/envs/py3/lib/python3.7/site-packages/scrapy/crawler.py", line 79, in crawl
    self.spider = self._create_spider(*args, **kwargs)
  File "/home/wy/anaconda3/envs/py3/lib/python3.7/site-packages/scrapy/crawler.py", line 102, in _create_spider
    return self.spidercls.from_crawler(self, *args, **kwargs)
  File "/home/wy/anaconda3/envs/py3/lib/python3.7/site-packages/scrapy/spiders/__init__.py", line 51, in from_crawler
    spider = cls(*args, **kwargs)
  File "/home/wy/citics/eastMoney/eastMoney/spiders/guba_default.py", line 23, in __init__
    numpage = math.ceil(int(pageresponse.split('|')[-3]) / int(pageresponse.split('|')[-2]))
builtins.AttributeError: 'NoneType' object has no attribute 'split'

cjpl_2908 error, wating for 10 mins
cjpl 2908 805
cjpl 2909 804
cjpl 2910 804
cjpl 2911 805
cjpl 2912 808
cjpl 2913 804
cjpl 2914 803
cjpl 2915 802
cjpl 2916 808
cjpl 2917 802
cjpl 2918 803
cjpl 2919 807
cjpl 2920 805
cjpl 2921 806
cjpl 2922 804
cjpl 2923 805
cjpl 2924 809
cjpl 2925 803
cjpl 2926 802
cjpl 2927 803
cjpl 2928 807
cjpl 2929 801
cjpl 2930 802
cjpl 2931 811
cjpl 2932 804
cjpl 2933 805
cjpl 2934 810
cjpl 2935 806
cjpl 2936 803
cjpl 2937 805
cjpl 2938 805
Unhandled error in Deferred:

Traceback (most recent call last):
  File "/home/wy/anaconda3/envs/py3/lib/python3.7/site-packages/scrapy/crawler.py", line 172, in crawl
    return self._crawl(crawler, *args, **kwargs)
  File "/home/wy/anaconda3/envs/py3/lib/python3.7/site-packages/scrapy/crawler.py", line 176, in _crawl
    d = crawler.crawl(*args, **kwargs)
  File "/home/wy/anaconda3/envs/py3/lib/python3.7/site-packages/twisted/internet/defer.py", line 1613, in unwindGenerator
    return _cancellableInlineCallbacks(gen)
  File "/home/wy/anaconda3/envs/py3/lib/python3.7/site-packages/twisted/internet/defer.py", line 1529, in _cancellableInlineCallbacks
    _inlineCallbacks(None, g, status)
--- <exception caught here> ---
  File "/home/wy/anaconda3/envs/py3/lib/python3.7/site-packages/twisted/internet/defer.py", line 1418, in _inlineCallbacks
    result = g.send(result)
  File "/home/wy/anaconda3/envs/py3/lib/python3.7/site-packages/scrapy/crawler.py", line 79, in crawl
    self.spider = self._create_spider(*args, **kwargs)
  File "/home/wy/anaconda3/envs/py3/lib/python3.7/site-packages/scrapy/crawler.py", line 102, in _create_spider
    return self.spidercls.from_crawler(self, *args, **kwargs)
  File "/home/wy/anaconda3/envs/py3/lib/python3.7/site-packages/scrapy/spiders/__init__.py", line 51, in from_crawler
    spider = cls(*args, **kwargs)
  File "/home/wy/citics/eastMoney/eastMoney/spiders/guba_default.py", line 23, in __init__
    numpage = math.ceil(int(pageresponse.split('|')[-3]) / int(pageresponse.split('|')[-2]))
builtins.AttributeError: 'NoneType' object has no attribute 'split'

cjpl_2939 error, wating for 10 mins
cjpl 2939 801
cjpl 2940 804
cjpl 2941 815
cjpl 2942 804
cjpl 2943 801
cjpl 2944 802
cjpl 2945 809
cjpl 2946 814
cjpl 2947 803
cjpl 2948 808
cjpl 2949 813
cjpl 2950 803
cjpl 2951 802
cjpl 2952 807
cjpl 2953 807
cjpl 2954 803
cjpl 2955 801
cjpl 2956 406
cjpl 2957 721
cjpl 2958 644
Unhandled error in Deferred:

Traceback (most recent call last):
  File "/home/wy/anaconda3/envs/py3/lib/python3.7/site-packages/scrapy/crawler.py", line 172, in crawl
    return self._crawl(crawler, *args, **kwargs)
  File "/home/wy/anaconda3/envs/py3/lib/python3.7/site-packages/scrapy/crawler.py", line 176, in _crawl
    d = crawler.crawl(*args, **kwargs)
  File "/home/wy/anaconda3/envs/py3/lib/python3.7/site-packages/twisted/internet/defer.py", line 1613, in unwindGenerator
    return _cancellableInlineCallbacks(gen)
  File "/home/wy/anaconda3/envs/py3/lib/python3.7/site-packages/twisted/internet/defer.py", line 1529, in _cancellableInlineCallbacks
    _inlineCallbacks(None, g, status)
--- <exception caught here> ---
  File "/home/wy/anaconda3/envs/py3/lib/python3.7/site-packages/twisted/internet/defer.py", line 1418, in _inlineCallbacks
    result = g.send(result)
  File "/home/wy/anaconda3/envs/py3/lib/python3.7/site-packages/scrapy/crawler.py", line 79, in crawl
    self.spider = self._create_spider(*args, **kwargs)
  File "/home/wy/anaconda3/envs/py3/lib/python3.7/site-packages/scrapy/crawler.py", line 102, in _create_spider
    return self.spidercls.from_crawler(self, *args, **kwargs)
  File "/home/wy/anaconda3/envs/py3/lib/python3.7/site-packages/scrapy/spiders/__init__.py", line 51, in from_crawler
    spider = cls(*args, **kwargs)
  File "/home/wy/citics/eastMoney/eastMoney/spiders/guba_default.py", line 23, in __init__
    numpage = math.ceil(int(pageresponse.split('|')[-3]) / int(pageresponse.split('|')[-2]))
builtins.AttributeError: 'NoneType' object has no attribute 'split'

cjpl_2959 error, wating for 10 mins
cjpl 2959 813
cjpl 2960 801
cjpl 2961 800
cjpl 2962 810
cjpl 2963 818
cjpl 2964 817
cjpl 2965 810
cjpl 2966 807
cjpl 2967 803
cjpl 2968 805
cjpl 2969 813
cjpl 2970 813
cjpl 2971 801
cjpl 2972 806
cjpl 2973 804
cjpl 2974 802
cjpl 2975 804
cjpl 2976 806
cjpl 2977 813
cjpl 2978 803
cjpl 2979 803
cjpl 2980 812
cjpl 2981 801
cjpl 2982 810
cjpl 2983 815
cjpl 2984 804
cjpl 2985 811
cjpl 2986 812
cjpl 2987 803
cjpl 2988 802
cjpl 2989 814
cjpl 2990 807
cjpl 2991 803
cjpl 2992 806
cjpl 2993 804
cjpl 2994 802
cjpl 2995 803
cjpl 2996 803
cjpl 2997 808
cjpl 2998 802
cjpl 2999 805
cjpl 3000 832
cjpl 3001 838
cjpl 3002 849
cjpl 3003 828
cjpl 3004 835
/home/wy/anaconda3/envs/py3/lib/python3.7/site-packages/scrapy/spiderloader.py:37: UserWarning: There are several spiders with the same name:

  GubadefaultSpider named 'guba_default' (in eastMoney.spiders.guba_default)
  GubadefaultSpider named 'guba_default' (in eastMoney.spiders.guba_online)

  This can cause unexpected behavior.
  warnings.warn(msg, UserWarning)
cjpl 3005 829
/home/wy/anaconda3/envs/py3/lib/python3.7/site-packages/scrapy/spiderloader.py:37: UserWarning: There are several spiders with the same name:

  GubadefaultSpider named 'guba_default' (in eastMoney.spiders.guba_default)
  GubadefaultSpider named 'guba_default' (in eastMoney.spiders.guba_online)

  This can cause unexpected behavior.
  warnings.warn(msg, UserWarning)
cjpl 3006 826
/home/wy/anaconda3/envs/py3/lib/python3.7/site-packages/scrapy/spiderloader.py:37: UserWarning: There are several spiders with the same name:

  GubadefaultSpider named 'guba_default' (in eastMoney.spiders.guba_default)
  GubadefaultSpider named 'guba_default' (in eastMoney.spiders.guba_online)

  This can cause unexpected behavior.
  warnings.warn(msg, UserWarning)
